#
# A fatal error has been detected by the Java Runtime Environment:
#
#  EXCEPTION_ACCESS_VIOLATION (0xc0000005) at pc=0x000000007110b5db, pid=12092, tid=14064
#
# JRE version: Java(TM) SE Runtime Environment (17.0.2+8) (build 17.0.2+8-LTS-86)
# Java VM: Java HotSpot(TM) 64-Bit Server VM (17.0.2+8-LTS-86, mixed mode, sharing, tiered, compressed oops, compressed class ptrs, g1 gc, windows-amd64)
# Problematic frame:
# C  [jSSC-2.8_x86_64.dll+0xb5db]
#
# No core dump will be written. Minidumps are not enabled by default on client versions of Windows
#
# If you would like to submit a bug report, please visit:
#   https://bugreport.java.com/bugreport/crash.jsp
# The crash happened outside the Java Virtual Machine in native code.
# See problematic frame for where to report the bug.
#

---------------  S U M M A R Y ------------

Command Line: -Dfile.encoding=UTF-8 --module-path=D:\Sergey\JavaLang\javaClockPort\build\classes javaclockport.JavaClockPort

Host: AMD Ryzen 5 1600X Six-Core Processor           , 12 cores, 15G,  Windows 10 , 64 bit Build 18362 (10.0.18362.329)
Time: Mon Feb 28 11:25:21 2022 RTZ 2 (зима) elapsed time: 5.553931 seconds (0d 0h 0m 5s)

---------------  T H R E A D  ---------------

Current thread (0x0000026da9fbacc0):  JavaThread "AWT-EventQueue-0" [_thread_in_native, id=14064, stack(0x000000ff98e00000,0x000000ff98f00000)]

Stack: [0x000000ff98e00000,0x000000ff98f00000],  sp=0x000000ff98efde70,  free space=1015k
Native frames: (J=compiled Java code, j=interpreted, Vv=VM code, C=native code)
C  [jSSC-2.8_x86_64.dll+0xb5db]

Java frames: (J=compiled Java code, j=interpreted, Vv=VM code)
j  jssc.SerialNativeInterface.openPort(Ljava/lang/String;Z)J+0
j  jssc.SerialPort.openPort()Z+65
j  javaclockport.MainFrame.jButton1ActionPerformed(Ljava/awt/event/ActionEvent;)V+3
j  javaclockport.MainFrame$1.actionPerformed(Ljava/awt/event/ActionEvent;)V+5
j  javax.swing.AbstractButton.fireActionPerformed(Ljava/awt/event/ActionEvent;)V+84 java.desktop@17.0.2
j  javax.swing.AbstractButton$Handler.actionPerformed(Ljava/awt/event/ActionEvent;)V+5 java.desktop@17.0.2
j  javax.swing.DefaultButtonModel.fireActionPerformed(Ljava/awt/event/ActionEvent;)V+34 java.desktop@17.0.2
j  javax.swing.DefaultButtonModel.setPressed(Z)V+117 java.desktop@17.0.2
j  javax.swing.plaf.basic.BasicButtonListener.mouseReleased(Ljava/awt/event/MouseEvent;)V+35 java.desktop@17.0.2
j  java.awt.Component.processMouseEvent(Ljava/awt/event/MouseEvent;)V+64 java.desktop@17.0.2
j  javax.swing.JComponent.processMouseEvent(Ljava/awt/event/MouseEvent;)V+23 java.desktop@17.0.2
j  java.awt.Component.processEvent(Ljava/awt/AWTEvent;)V+81 java.desktop@17.0.2
J 1399 c1 java.awt.Container.processEvent(Ljava/awt/AWTEvent;)V java.desktop@17.0.2 (22 bytes) @ 0x0000026d8ee64fac [0x0000026d8ee64c60+0x000000000000034c]
J 1096 c1 java.awt.Component.dispatchEventImpl(Ljava/awt/AWTEvent;)V java.desktop@17.0.2 (777 bytes) @ 0x0000026d8edb24b4 [0x0000026d8edae900+0x0000000000003bb4]
J 1281 c1 java.awt.Container.dispatchEventImpl(Ljava/awt/AWTEvent;)V java.desktop@17.0.2 (129 bytes) @ 0x0000026d8ee0306c [0x0000026d8ee02f40+0x000000000000012c]
J 1228 c1 java.awt.Component.dispatchEvent(Ljava/awt/AWTEvent;)V java.desktop@17.0.2 (6 bytes) @ 0x0000026d8edef33c [0x0000026d8edef240+0x00000000000000fc]
j  java.awt.LightweightDispatcher.retargetMouseEvent(Ljava/awt/Component;ILjava/awt/event/MouseEvent;)V+349 java.desktop@17.0.2
J 1364 c1 java.awt.LightweightDispatcher.processMouseEvent(Ljava/awt/event/MouseEvent;)Z java.desktop@17.0.2 (265 bytes) @ 0x0000026d8ee46894 [0x0000026d8ee458a0+0x0000000000000ff4]
J 1122 c1 java.awt.LightweightDispatcher.dispatchEvent(Ljava/awt/AWTEvent;)Z java.desktop@17.0.2 (73 bytes) @ 0x0000026d8edbefdc [0x0000026d8edbeb80+0x000000000000045c]
J 1281 c1 java.awt.Container.dispatchEventImpl(Ljava/awt/AWTEvent;)V java.desktop@17.0.2 (129 bytes) @ 0x0000026d8ee0300c [0x0000026d8ee02f40+0x00000000000000cc]
J 1121 c1 java.awt.Window.dispatchEventImpl(Ljava/awt/AWTEvent;)V java.desktop@17.0.2 (23 bytes) @ 0x0000026d8edbe694 [0x0000026d8edbe080+0x0000000000000614]
J 1056 c1 java.awt.EventQueue.dispatchEventImpl(Ljava/awt/AWTEvent;Ljava/lang/Object;)V java.desktop@17.0.2 (136 bytes) @ 0x0000026d8ed99234 [0x0000026d8ed98d60+0x00000000000004d4]
J 1055 c1 java.awt.EventQueue$4.run()Ljava/lang/Void; java.desktop@17.0.2 (60 bytes) @ 0x0000026d8ed98624 [0x0000026d8ed984e0+0x0000000000000144]
J 1054 c1 java.awt.EventQueue$4.run()Ljava/lang/Object; java.desktop@17.0.2 (5 bytes) @ 0x0000026d8ed98194 [0x0000026d8ed98120+0x0000000000000074]
J 987 c1 java.security.ProtectionDomain$JavaSecurityAccessImpl.doIntersectionPrivilege(Ljava/security/PrivilegedAction;Ljava/security/AccessControlContext;Ljava/security/AccessControlContext;)Ljava/lang/Object; java.base@17.0.2 (22 bytes) @ 0x0000026d8ed70b34 [0x0000026d8ed708a0+0x0000000000000294]
J 1018 c1 java.awt.EventQueue.dispatchEvent(Ljava/awt/AWTEvent;)V java.desktop@17.0.2 (80 bytes) @ 0x0000026d8ed80eec [0x0000026d8ed803e0+0x0000000000000b0c]
J 1021 c1 java.awt.EventDispatchThread.pumpOneEventForFilters(I)V java.desktop@17.0.2 (113 bytes) @ 0x0000026d8ed83a34 [0x0000026d8ed833a0+0x0000000000000694]
j  java.awt.EventDispatchThread.pumpEventsForFilter(ILjava/awt/Conditional;Ljava/awt/EventFilter;)V+35 java.desktop@17.0.2
j  java.awt.EventDispatchThread.pumpEventsForHierarchy(ILjava/awt/Conditional;Ljava/awt/Component;)V+11 java.desktop@17.0.2
j  java.awt.EventDispatchThread.pumpEvents(ILjava/awt/Conditional;)V+4 java.desktop@17.0.2
j  java.awt.EventDispatchThread.pumpEvents(Ljava/awt/Conditional;)V+3 java.desktop@17.0.2
j  java.awt.EventDispatchThread.run()V+9 java.desktop@17.0.2
v  ~StubRoutines::call_stub

siginfo: EXCEPTION_ACCESS_VIOLATION (0xc0000005), reading address 0xffffffffb5b9ce6d


Register to memory mapping:

RIP=0x000000007110b5db jSSC-2.8_x86_64.dll
RAX=0xffffffffb5b9ce6d is an unknown value
RBX=0x000000ff98efdee0 is pointing into the stack for thread: 0x0000026da9fbacc0
RCX=0x00007ffed49fc2a4 ntdll.dll
RDX=0x0 is NULL
RSP=0x000000ff98efde70 is pointing into the stack for thread: 0x0000026da9fbacc0
RBP=0x000000ff98efdff0 is pointing into the stack for thread: 0x0000026da9fbacc0
RSI=0x0000026da9fbaf68 points into unknown readable memory: 0x00007ffea04e5640 | 40 56 4e a0 fe 7f 00 00
RDI=0x00000000000006ac is an unknown value
R8 =0x000000ff98efdd68 is pointing into the stack for thread: 0x0000026da9fbacc0
R9 =0x000000ff98efde60 is pointing into the stack for thread: 0x0000026da9fbacc0
R10=0x0 is NULL
R11=0x0000000000000246 is an unknown value
R12=0x000000ff98efe0b0 is pointing into the stack for thread: 0x0000026da9fbacc0
R13=0x0000026db4eb4120 points into unknown readable memory: 0x00000000344d4f43 | 43 4f 4d 34 00 00 00 00
R14=0x000000ff98efdfa0 is pointing into the stack for thread: 0x0000026da9fbacc0
R15=0x0000026da9fbacc0 is a thread


Registers:
RAX=0xffffffffb5b9ce6d, RBX=0x000000ff98efdee0, RCX=0x00007ffed49fc2a4, RDX=0x0000000000000000
RSP=0x000000ff98efde70, RBP=0x000000ff98efdff0, RSI=0x0000026da9fbaf68, RDI=0x00000000000006ac
R8 =0x000000ff98efdd68, R9 =0x000000ff98efde60, R10=0x0000000000000000, R11=0x0000000000000246
R12=0x000000ff98efe0b0, R13=0x0000026db4eb4120, R14=0x000000ff98efdfa0, R15=0x0000026da9fbacc0
RIP=0x000000007110b5db, EFLAGS=0x0000000000010206

Top of Stack: (sp=0x000000ff98efde70)
0x000000ff98efde70:   0000026db4ef1f90 0000001fd499fc11
0x000000ff98efde80:   000000007110b230 0000026db4eb3ee0
0x000000ff98efde90:   000000ff98efdff0 0000000000000004
0x000000ff98efdea0:   0000026da9fbaf68 00000000000006ac
0x000000ff98efdeb0:   000000ff98efdff0 0000000071112590
0x000000ff98efdec0:   0000026da9fbacc0 000000ff98efdfa0
0x000000ff98efded0:   0000026db4eb4120 000000ff98efe0b0
0x000000ff98efdee0:   0000026db4eb4120 00007ffed499fc11
0x000000ff98efdef0:   000000ff98efdf20 0000026d84bf0000
0x000000ff98efdf00:   000000ff98efdff0 0000000000000000
0x000000ff98efdf10:   0000000071113500 0000000071113be8
0x000000ff98efdf20:   000000ff98efdf50 0000000071112641
0x000000ff98efdf30:   000000ff98efdec0 0000026da9fbaf68
0x000000ff98efdf40:   0000000000000000 0000000000000000
0x000000ff98efdf50:   000000ff98efdff0 0000000071101595
0x000000ff98efdf60:   000000000000001c 0000026d00000000 

Instructions: (pc=0x000000007110b5db)
0x000000007110b4db:   48 85 c0 74 bf 44 8b 03 45 85 c0 0f 84 77 ff ff
0x000000007110b4eb:   ff eb 9f 66 90 e8 8b fe ff ff 48 89 05 0c 34 01
0x000000007110b4fb:   00 eb ad 66 90 e8 7b fe ff ff 48 89 05 fc 33 01
0x000000007110b50b:   00 eb 8b e8 8d fe ff ff c7 03 01 00 00 00 e9 6f
0x000000007110b51b:   ff ff ff 66 90 55 48 89 e5 56 53 48 83 ec 20 48
0x000000007110b52b:   8b 05 d7 33 01 00 48 8b 31 48 89 cb 48 85 c0 74
0x000000007110b53b:   56 44 8b 18 45 85 db 78 42 48 8b 05 bd 33 01 00
0x000000007110b54b:   48 85 c0 74 50 44 8b 10 45 85 d2 74 1d 48 89 f1
0x000000007110b55b:   e8 d0 fd ff ff 48 8b 13 48 8d 42 40 48 8b 48 08
0x000000007110b56b:   48 8b 6a 40 48 8b 60 10 ff e1 48 8b 05 9c 33 01
0x000000007110b57b:   00 48 85 c0 74 2d 48 89 30 eb da e8 b5 fe ff ff
0x000000007110b58b:   0f 1f 44 00 00 eb b2 e8 e9 fd ff ff 48 89 05 6a
0x000000007110b59b:   33 01 00 eb 9c e8 db fd ff ff 48 89 05 5c 33 01
0x000000007110b5ab:   00 eb a2 e8 3d fd ff ff 48 89 05 5e 33 01 00 eb
0x000000007110b5bb:   c5 0f 1f 40 00 55 57 56 53 48 83 ec 28 48 8b 05
0x000000007110b5cb:   39 33 01 00 48 89 cb 48 85 c0 0f 84 c5 00 00 00
0x000000007110b5db:   8b 38 85 ff 0f 88 ab 00 00 00 48 8b 05 1c 33 01
0x000000007110b5eb:   00 48 85 c0 0f 84 bc 00 00 00 8b 30 85 f6 74 57
0x000000007110b5fb:   48 8b 05 0e 33 01 00 48 85 c0 0f 84 e5 00 00 00
0x000000007110b60b:   8b 28 48 8b 35 10 5e 01 00 ff d6 89 c7 89 e9 ff
0x000000007110b61b:   15 f4 5e 01 00 89 f9 48 89 c5 ff 15 b9 5e 01 00
0x000000007110b62b:   48 8b 05 de 32 01 00 48 89 2b 48 85 c0 74 46 48
0x000000007110b63b:   89 da 8b 08 ff 15 d7 5e 01 00 85 c0 74 27 48 83
0x000000007110b64b:   c4 28 5b 5e 5f 5d c3 48 8b 05 bf 32 01 00 48 85
0x000000007110b65b:   c0 74 64 48 8b 10 48 89 13 48 89 18 48 83 c4 28
0x000000007110b66b:   5b 5e 5f 5d c3 48 89 f2 48 83 c4 28 5b 5e 5f 5d
0x000000007110b67b:   48 ff e2 66 90 e8 8b fc ff ff 48 89 05 84 32 01
0x000000007110b68b:   00 eb ac 66 90 e8 ab fd ff ff e9 4b ff ff ff 66
0x000000007110b69b:   0f 1f 44 00 00 e8 db fc ff ff 48 89 05 5c 32 01
0x000000007110b6ab:   00 e9 2a ff ff ff e8 ca fc ff ff 48 89 05 4b 32
0x000000007110b6bb:   01 00 e9 33 ff ff ff e8 29 fc ff ff 48 89 05 4a
0x000000007110b6cb:   32 01 00 48 8b 10 48 85 c0 48 89 13 75 8b e8 12 


Stack slot to memory mapping:
stack at sp + 0 slots: 0x0000026db4ef1f90 points into unknown readable memory: 0x0000026d84cf15c0 | c0 15 cf 84 6d 02 00 00
stack at sp + 1 slots: 0x0000001fd499fc11 is an unknown value
stack at sp + 2 slots: 0x000000007110b230 jSSC-2.8_x86_64.dll
stack at sp + 3 slots: 0x0000026db4eb3ee0 points into unknown readable memory: 0x0000026db4ef1f90 | 90 1f ef b4 6d 02 00 00
stack at sp + 4 slots: 0x000000ff98efdff0 is pointing into the stack for thread: 0x0000026da9fbacc0
stack at sp + 5 slots: 0x0000000000000004 is an unknown value
stack at sp + 6 slots: 0x0000026da9fbaf68 points into unknown readable memory: 0x00007ffea04e5640 | 40 56 4e a0 fe 7f 00 00
stack at sp + 7 slots: 0x00000000000006ac is an unknown value


---------------  P R O C E S S  ---------------

Threads class SMR info:
_java_thread_list=0x0000026db4e63150, length=18, elements={
0x0000026da9fa1b70, 0x0000026da9fa2e90, 0x0000026da9fb7ca0, 0x0000026da9fb8b10,
0x0000026da9fb8fe0, 0x0000026da9fb8640, 0x0000026da9fc4630, 0x0000026da9fc52e0,
0x0000026da9fd1fa0, 0x0000026da9fb94b0, 0x0000026da9fbb190, 0x0000026da9fb9e50,
0x0000026da9fba320, 0x0000026da9fba7f0, 0x0000026da9fbacc0, 0x0000026da9fbb660,
0x0000026da9fb8170, 0x0000026db4e77740
}

Java Threads: ( => current thread )
  0x0000026da9fa1b70 JavaThread "Reference Handler" daemon [_thread_blocked, id=4540, stack(0x000000ff97f00000,0x000000ff98000000)]
  0x0000026da9fa2e90 JavaThread "Finalizer" daemon [_thread_blocked, id=16764, stack(0x000000ff98000000,0x000000ff98100000)]
  0x0000026da9fb7ca0 JavaThread "Signal Dispatcher" daemon [_thread_blocked, id=12724, stack(0x000000ff98100000,0x000000ff98200000)]
  0x0000026da9fb8b10 JavaThread "Attach Listener" daemon [_thread_blocked, id=16372, stack(0x000000ff98200000,0x000000ff98300000)]
  0x0000026da9fb8fe0 JavaThread "Service Thread" daemon [_thread_blocked, id=14072, stack(0x000000ff98300000,0x000000ff98400000)]
  0x0000026da9fb8640 JavaThread "Monitor Deflation Thread" daemon [_thread_blocked, id=7944, stack(0x000000ff98400000,0x000000ff98500000)]
  0x0000026da9fc4630 JavaThread "C2 CompilerThread0" daemon [_thread_blocked, id=12844, stack(0x000000ff98500000,0x000000ff98600000)]
  0x0000026da9fc52e0 JavaThread "C1 CompilerThread0" daemon [_thread_blocked, id=13560, stack(0x000000ff98600000,0x000000ff98700000)]
  0x0000026da9fd1fa0 JavaThread "Sweeper thread" daemon [_thread_blocked, id=19912, stack(0x000000ff98700000,0x000000ff98800000)]
  0x0000026da9fb94b0 JavaThread "Common-Cleaner" daemon [_thread_blocked, id=9408, stack(0x000000ff98800000,0x000000ff98900000)]
  0x0000026da9fbb190 JavaThread "Notification Thread" daemon [_thread_blocked, id=17240, stack(0x000000ff98900000,0x000000ff98a00000)]
  0x0000026da9fb9e50 JavaThread "Java2D Disposer" daemon [_thread_blocked, id=2572, stack(0x000000ff98b00000,0x000000ff98c00000)]
  0x0000026da9fba320 JavaThread "AWT-Shutdown" [_thread_blocked, id=12224, stack(0x000000ff98c00000,0x000000ff98d00000)]
  0x0000026da9fba7f0 JavaThread "AWT-Windows" daemon [_thread_in_native, id=16904, stack(0x000000ff98d00000,0x000000ff98e00000)]
=>0x0000026da9fbacc0 JavaThread "AWT-EventQueue-0" [_thread_in_native, id=14064, stack(0x000000ff98e00000,0x000000ff98f00000)]
  0x0000026da9fbb660 JavaThread "DestroyJavaVM" [_thread_blocked, id=19532, stack(0x000000ff97800000,0x000000ff97900000)]
  0x0000026da9fb8170 JavaThread "D3D Screen Updater" daemon [_thread_blocked, id=18824, stack(0x000000ff99300000,0x000000ff99400000)]
  0x0000026db4e77740 JavaThread "TimerQueue" daemon [_thread_blocked, id=19248, stack(0x000000ff99400000,0x000000ff99500000)]

Other Threads:
  0x0000026da9f9a0f0 VMThread "VM Thread" [stack: 0x000000ff97e00000,0x000000ff97f00000] [id=828]
  0x0000026d86e6ac90 WatcherThread [stack: 0x000000ff98a00000,0x000000ff98b00000] [id=164]
  0x0000026d86e520e0 GCTaskThread "GC Thread#0" [stack: 0x000000ff97900000,0x000000ff97a00000] [id=18416]
  0x0000026d86e63d40 ConcurrentGCThread "G1 Main Marker" [stack: 0x000000ff97a00000,0x000000ff97b00000] [id=9872]
  0x0000026d86e64d00 ConcurrentGCThread "G1 Conc#0" [stack: 0x000000ff97b00000,0x000000ff97c00000] [id=12760]
  0x0000026da9e630e0 ConcurrentGCThread "G1 Refine#0" [stack: 0x000000ff97c00000,0x000000ff97d00000] [id=6976]
  0x0000026da9e63910 ConcurrentGCThread "G1 Service" [stack: 0x000000ff97d00000,0x000000ff97e00000] [id=17600]

Threads with active compile tasks:

VM state: not at safepoint (normal execution)

VM Mutex/Monitor currently owned by a thread: None

Heap address: 0x0000000701000000, size: 4080 MB, Compressed Oops mode: Zero based, Oop shift amount: 3

CDS archive(s) mapped at: [0x0000000800000000-0x0000000800bc0000-0x0000000800bc0000), size 12320768, SharedBaseAddress: 0x0000000800000000, ArchiveRelocationMode: 0.
Compressed class space mapped at: 0x0000000800c00000-0x0000000840c00000, reserved size: 1073741824
Narrow klass base: 0x0000000800000000, Narrow klass shift: 0, Narrow klass range: 0x100000000

GC Precious Log:
 CPUs: 12 total, 12 available
 Memory: 16313M
 Large Page Support: Disabled
 NUMA Support: Disabled
 Compressed Oops: Enabled (Zero based)
 Heap Region Size: 2M
 Heap Min Capacity: 8M
 Heap Initial Capacity: 256M
 Heap Max Capacity: 4080M
 Pre-touch: Disabled
 Parallel Workers: 10
 Concurrent Workers: 3
 Concurrent Refinement Workers: 10
 Periodic GC: Disabled

Heap:
 garbage-first heap   total 262144K, used 10240K [0x0000000701000000, 0x0000000800000000)
  region size 2048K, 6 young (12288K), 0 survivors (0K)
 Metaspace       used 11425K, committed 11648K, reserved 1064960K
  class space    used 1344K, committed 1472K, reserved 1048576K

Heap Regions: E=young(eden), S=young(survivor), O=old, HS=humongous(starts), HC=humongous(continues), CS=collection set, F=free, OA=open archive, CA=closed archive, TAMS=top-at-mark-start (previous, next)
|   0|0x0000000701000000, 0x0000000701000000, 0x0000000701200000|  0%| F|  |TAMS 0x0000000701000000, 0x0000000701000000| Untracked 
|   1|0x0000000701200000, 0x0000000701200000, 0x0000000701400000|  0%| F|  |TAMS 0x0000000701200000, 0x0000000701200000| Untracked 
|   2|0x0000000701400000, 0x0000000701400000, 0x0000000701600000|  0%| F|  |TAMS 0x0000000701400000, 0x0000000701400000| Untracked 
|   3|0x0000000701600000, 0x0000000701600000, 0x0000000701800000|  0%| F|  |TAMS 0x0000000701600000, 0x0000000701600000| Untracked 
|   4|0x0000000701800000, 0x0000000701800000, 0x0000000701a00000|  0%| F|  |TAMS 0x0000000701800000, 0x0000000701800000| Untracked 
|   5|0x0000000701a00000, 0x0000000701a00000, 0x0000000701c00000|  0%| F|  |TAMS 0x0000000701a00000, 0x0000000701a00000| Untracked 
|   6|0x0000000701c00000, 0x0000000701c00000, 0x0000000701e00000|  0%| F|  |TAMS 0x0000000701c00000, 0x0000000701c00000| Untracked 
|   7|0x0000000701e00000, 0x0000000701e00000, 0x0000000702000000|  0%| F|  |TAMS 0x0000000701e00000, 0x0000000701e00000| Untracked 
|   8|0x0000000702000000, 0x0000000702000000, 0x0000000702200000|  0%| F|  |TAMS 0x0000000702000000, 0x0000000702000000| Untracked 
|   9|0x0000000702200000, 0x0000000702200000, 0x0000000702400000|  0%| F|  |TAMS 0x0000000702200000, 0x0000000702200000| Untracked 
|  10|0x0000000702400000, 0x0000000702400000, 0x0000000702600000|  0%| F|  |TAMS 0x0000000702400000, 0x0000000702400000| Untracked 
|  11|0x0000000702600000, 0x0000000702600000, 0x0000000702800000|  0%| F|  |TAMS 0x0000000702600000, 0x0000000702600000| Untracked 
|  12|0x0000000702800000, 0x0000000702800000, 0x0000000702a00000|  0%| F|  |TAMS 0x0000000702800000, 0x0000000702800000| Untracked 
|  13|0x0000000702a00000, 0x0000000702a00000, 0x0000000702c00000|  0%| F|  |TAMS 0x0000000702a00000, 0x0000000702a00000| Untracked 
|  14|0x0000000702c00000, 0x0000000702c00000, 0x0000000702e00000|  0%| F|  |TAMS 0x0000000702c00000, 0x0000000702c00000| Untracked 
|  15|0x0000000702e00000, 0x0000000702e00000, 0x0000000703000000|  0%| F|  |TAMS 0x0000000702e00000, 0x0000000702e00000| Untracked 
|  16|0x0000000703000000, 0x0000000703000000, 0x0000000703200000|  0%| F|  |TAMS 0x0000000703000000, 0x0000000703000000| Untracked 
|  17|0x0000000703200000, 0x0000000703200000, 0x0000000703400000|  0%| F|  |TAMS 0x0000000703200000, 0x0000000703200000| Untracked 
|  18|0x0000000703400000, 0x0000000703400000, 0x0000000703600000|  0%| F|  |TAMS 0x0000000703400000, 0x0000000703400000| Untracked 
|  19|0x0000000703600000, 0x0000000703600000, 0x0000000703800000|  0%| F|  |TAMS 0x0000000703600000, 0x0000000703600000| Untracked 
|  20|0x0000000703800000, 0x0000000703800000, 0x0000000703a00000|  0%| F|  |TAMS 0x0000000703800000, 0x0000000703800000| Untracked 
|  21|0x0000000703a00000, 0x0000000703a00000, 0x0000000703c00000|  0%| F|  |TAMS 0x0000000703a00000, 0x0000000703a00000| Untracked 
|  22|0x0000000703c00000, 0x0000000703c00000, 0x0000000703e00000|  0%| F|  |TAMS 0x0000000703c00000, 0x0000000703c00000| Untracked 
|  23|0x0000000703e00000, 0x0000000703e00000, 0x0000000704000000|  0%| F|  |TAMS 0x0000000703e00000, 0x0000000703e00000| Untracked 
|  24|0x0000000704000000, 0x0000000704000000, 0x0000000704200000|  0%| F|  |TAMS 0x0000000704000000, 0x0000000704000000| Untracked 
|  25|0x0000000704200000, 0x0000000704200000, 0x0000000704400000|  0%| F|  |TAMS 0x0000000704200000, 0x0000000704200000| Untracked 
|  26|0x0000000704400000, 0x0000000704400000, 0x0000000704600000|  0%| F|  |TAMS 0x0000000704400000, 0x0000000704400000| Untracked 
|  27|0x0000000704600000, 0x0000000704600000, 0x0000000704800000|  0%| F|  |TAMS 0x0000000704600000, 0x0000000704600000| Untracked 
|  28|0x0000000704800000, 0x0000000704800000, 0x0000000704a00000|  0%| F|  |TAMS 0x0000000704800000, 0x0000000704800000| Untracked 
|  29|0x0000000704a00000, 0x0000000704a00000, 0x0000000704c00000|  0%| F|  |TAMS 0x0000000704a00000, 0x0000000704a00000| Untracked 
|  30|0x0000000704c00000, 0x0000000704c00000, 0x0000000704e00000|  0%| F|  |TAMS 0x0000000704c00000, 0x0000000704c00000| Untracked 
|  31|0x0000000704e00000, 0x0000000704e00000, 0x0000000705000000|  0%| F|  |TAMS 0x0000000704e00000, 0x0000000704e00000| Untracked 
|  32|0x0000000705000000, 0x0000000705000000, 0x0000000705200000|  0%| F|  |TAMS 0x0000000705000000, 0x0000000705000000| Untracked 
|  33|0x0000000705200000, 0x0000000705200000, 0x0000000705400000|  0%| F|  |TAMS 0x0000000705200000, 0x0000000705200000| Untracked 
|  34|0x0000000705400000, 0x0000000705400000, 0x0000000705600000|  0%| F|  |TAMS 0x0000000705400000, 0x0000000705400000| Untracked 
|  35|0x0000000705600000, 0x0000000705600000, 0x0000000705800000|  0%| F|  |TAMS 0x0000000705600000, 0x0000000705600000| Untracked 
|  36|0x0000000705800000, 0x0000000705800000, 0x0000000705a00000|  0%| F|  |TAMS 0x0000000705800000, 0x0000000705800000| Untracked 
|  37|0x0000000705a00000, 0x0000000705a00000, 0x0000000705c00000|  0%| F|  |TAMS 0x0000000705a00000, 0x0000000705a00000| Untracked 
|  38|0x0000000705c00000, 0x0000000705c00000, 0x0000000705e00000|  0%| F|  |TAMS 0x0000000705c00000, 0x0000000705c00000| Untracked 
|  39|0x0000000705e00000, 0x0000000705e00000, 0x0000000706000000|  0%| F|  |TAMS 0x0000000705e00000, 0x0000000705e00000| Untracked 
|  40|0x0000000706000000, 0x0000000706000000, 0x0000000706200000|  0%| F|  |TAMS 0x0000000706000000, 0x0000000706000000| Untracked 
|  41|0x0000000706200000, 0x0000000706200000, 0x0000000706400000|  0%| F|  |TAMS 0x0000000706200000, 0x0000000706200000| Untracked 
|  42|0x0000000706400000, 0x0000000706400000, 0x0000000706600000|  0%| F|  |TAMS 0x0000000706400000, 0x0000000706400000| Untracked 
|  43|0x0000000706600000, 0x0000000706600000, 0x0000000706800000|  0%| F|  |TAMS 0x0000000706600000, 0x0000000706600000| Untracked 
|  44|0x0000000706800000, 0x0000000706800000, 0x0000000706a00000|  0%| F|  |TAMS 0x0000000706800000, 0x0000000706800000| Untracked 
|  45|0x0000000706a00000, 0x0000000706a00000, 0x0000000706c00000|  0%| F|  |TAMS 0x0000000706a00000, 0x0000000706a00000| Untracked 
|  46|0x0000000706c00000, 0x0000000706c00000, 0x0000000706e00000|  0%| F|  |TAMS 0x0000000706c00000, 0x0000000706c00000| Untracked 
|  47|0x0000000706e00000, 0x0000000706e00000, 0x0000000707000000|  0%| F|  |TAMS 0x0000000706e00000, 0x0000000706e00000| Untracked 
|  48|0x0000000707000000, 0x0000000707000000, 0x0000000707200000|  0%| F|  |TAMS 0x0000000707000000, 0x0000000707000000| Untracked 
|  49|0x0000000707200000, 0x0000000707200000, 0x0000000707400000|  0%| F|  |TAMS 0x0000000707200000, 0x0000000707200000| Untracked 
|  50|0x0000000707400000, 0x0000000707400000, 0x0000000707600000|  0%| F|  |TAMS 0x0000000707400000, 0x0000000707400000| Untracked 
|  51|0x0000000707600000, 0x0000000707600000, 0x0000000707800000|  0%| F|  |TAMS 0x0000000707600000, 0x0000000707600000| Untracked 
|  52|0x0000000707800000, 0x0000000707800000, 0x0000000707a00000|  0%| F|  |TAMS 0x0000000707800000, 0x0000000707800000| Untracked 
|  53|0x0000000707a00000, 0x0000000707a00000, 0x0000000707c00000|  0%| F|  |TAMS 0x0000000707a00000, 0x0000000707a00000| Untracked 
|  54|0x0000000707c00000, 0x0000000707c00000, 0x0000000707e00000|  0%| F|  |TAMS 0x0000000707c00000, 0x0000000707c00000| Untracked 
|  55|0x0000000707e00000, 0x0000000707e00000, 0x0000000708000000|  0%| F|  |TAMS 0x0000000707e00000, 0x0000000707e00000| Untracked 
|  56|0x0000000708000000, 0x0000000708000000, 0x0000000708200000|  0%| F|  |TAMS 0x0000000708000000, 0x0000000708000000| Untracked 
|  57|0x0000000708200000, 0x0000000708200000, 0x0000000708400000|  0%| F|  |TAMS 0x0000000708200000, 0x0000000708200000| Untracked 
|  58|0x0000000708400000, 0x0000000708400000, 0x0000000708600000|  0%| F|  |TAMS 0x0000000708400000, 0x0000000708400000| Untracked 
|  59|0x0000000708600000, 0x0000000708600000, 0x0000000708800000|  0%| F|  |TAMS 0x0000000708600000, 0x0000000708600000| Untracked 
|  60|0x0000000708800000, 0x0000000708800000, 0x0000000708a00000|  0%| F|  |TAMS 0x0000000708800000, 0x0000000708800000| Untracked 
|  61|0x0000000708a00000, 0x0000000708a00000, 0x0000000708c00000|  0%| F|  |TAMS 0x0000000708a00000, 0x0000000708a00000| Untracked 
|  62|0x0000000708c00000, 0x0000000708c00000, 0x0000000708e00000|  0%| F|  |TAMS 0x0000000708c00000, 0x0000000708c00000| Untracked 
|  63|0x0000000708e00000, 0x0000000708e00000, 0x0000000709000000|  0%| F|  |TAMS 0x0000000708e00000, 0x0000000708e00000| Untracked 
|  64|0x0000000709000000, 0x0000000709000000, 0x0000000709200000|  0%| F|  |TAMS 0x0000000709000000, 0x0000000709000000| Untracked 
|  65|0x0000000709200000, 0x0000000709200000, 0x0000000709400000|  0%| F|  |TAMS 0x0000000709200000, 0x0000000709200000| Untracked 
|  66|0x0000000709400000, 0x0000000709400000, 0x0000000709600000|  0%| F|  |TAMS 0x0000000709400000, 0x0000000709400000| Untracked 
|  67|0x0000000709600000, 0x0000000709600000, 0x0000000709800000|  0%| F|  |TAMS 0x0000000709600000, 0x0000000709600000| Untracked 
|  68|0x0000000709800000, 0x0000000709800000, 0x0000000709a00000|  0%| F|  |TAMS 0x0000000709800000, 0x0000000709800000| Untracked 
|  69|0x0000000709a00000, 0x0000000709a00000, 0x0000000709c00000|  0%| F|  |TAMS 0x0000000709a00000, 0x0000000709a00000| Untracked 
|  70|0x0000000709c00000, 0x0000000709c00000, 0x0000000709e00000|  0%| F|  |TAMS 0x0000000709c00000, 0x0000000709c00000| Untracked 
|  71|0x0000000709e00000, 0x0000000709e00000, 0x000000070a000000|  0%| F|  |TAMS 0x0000000709e00000, 0x0000000709e00000| Untracked 
|  72|0x000000070a000000, 0x000000070a000000, 0x000000070a200000|  0%| F|  |TAMS 0x000000070a000000, 0x000000070a000000| Untracked 
|  73|0x000000070a200000, 0x000000070a200000, 0x000000070a400000|  0%| F|  |TAMS 0x000000070a200000, 0x000000070a200000| Untracked 
|  74|0x000000070a400000, 0x000000070a400000, 0x000000070a600000|  0%| F|  |TAMS 0x000000070a400000, 0x000000070a400000| Untracked 
|  75|0x000000070a600000, 0x000000070a600000, 0x000000070a800000|  0%| F|  |TAMS 0x000000070a600000, 0x000000070a600000| Untracked 
|  76|0x000000070a800000, 0x000000070a800000, 0x000000070aa00000|  0%| F|  |TAMS 0x000000070a800000, 0x000000070a800000| Untracked 
|  77|0x000000070aa00000, 0x000000070aa00000, 0x000000070ac00000|  0%| F|  |TAMS 0x000000070aa00000, 0x000000070aa00000| Untracked 
|  78|0x000000070ac00000, 0x000000070ac00000, 0x000000070ae00000|  0%| F|  |TAMS 0x000000070ac00000, 0x000000070ac00000| Untracked 
|  79|0x000000070ae00000, 0x000000070ae00000, 0x000000070b000000|  0%| F|  |TAMS 0x000000070ae00000, 0x000000070ae00000| Untracked 
|  80|0x000000070b000000, 0x000000070b000000, 0x000000070b200000|  0%| F|  |TAMS 0x000000070b000000, 0x000000070b000000| Untracked 
|  81|0x000000070b200000, 0x000000070b200000, 0x000000070b400000|  0%| F|  |TAMS 0x000000070b200000, 0x000000070b200000| Untracked 
|  82|0x000000070b400000, 0x000000070b400000, 0x000000070b600000|  0%| F|  |TAMS 0x000000070b400000, 0x000000070b400000| Untracked 
|  83|0x000000070b600000, 0x000000070b600000, 0x000000070b800000|  0%| F|  |TAMS 0x000000070b600000, 0x000000070b600000| Untracked 
|  84|0x000000070b800000, 0x000000070b800000, 0x000000070ba00000|  0%| F|  |TAMS 0x000000070b800000, 0x000000070b800000| Untracked 
|  85|0x000000070ba00000, 0x000000070ba00000, 0x000000070bc00000|  0%| F|  |TAMS 0x000000070ba00000, 0x000000070ba00000| Untracked 
|  86|0x000000070bc00000, 0x000000070bc00000, 0x000000070be00000|  0%| F|  |TAMS 0x000000070bc00000, 0x000000070bc00000| Untracked 
|  87|0x000000070be00000, 0x000000070be00000, 0x000000070c000000|  0%| F|  |TAMS 0x000000070be00000, 0x000000070be00000| Untracked 
|  88|0x000000070c000000, 0x000000070c000000, 0x000000070c200000|  0%| F|  |TAMS 0x000000070c000000, 0x000000070c000000| Untracked 
|  89|0x000000070c200000, 0x000000070c200000, 0x000000070c400000|  0%| F|  |TAMS 0x000000070c200000, 0x000000070c200000| Untracked 
|  90|0x000000070c400000, 0x000000070c400000, 0x000000070c600000|  0%| F|  |TAMS 0x000000070c400000, 0x000000070c400000| Untracked 
|  91|0x000000070c600000, 0x000000070c600000, 0x000000070c800000|  0%| F|  |TAMS 0x000000070c600000, 0x000000070c600000| Untracked 
|  92|0x000000070c800000, 0x000000070c800000, 0x000000070ca00000|  0%| F|  |TAMS 0x000000070c800000, 0x000000070c800000| Untracked 
|  93|0x000000070ca00000, 0x000000070ca00000, 0x000000070cc00000|  0%| F|  |TAMS 0x000000070ca00000, 0x000000070ca00000| Untracked 
|  94|0x000000070cc00000, 0x000000070cc00000, 0x000000070ce00000|  0%| F|  |TAMS 0x000000070cc00000, 0x000000070cc00000| Untracked 
|  95|0x000000070ce00000, 0x000000070ce00000, 0x000000070d000000|  0%| F|  |TAMS 0x000000070ce00000, 0x000000070ce00000| Untracked 
|  96|0x000000070d000000, 0x000000070d000000, 0x000000070d200000|  0%| F|  |TAMS 0x000000070d000000, 0x000000070d000000| Untracked 
|  97|0x000000070d200000, 0x000000070d200000, 0x000000070d400000|  0%| F|  |TAMS 0x000000070d200000, 0x000000070d200000| Untracked 
|  98|0x000000070d400000, 0x000000070d400000, 0x000000070d600000|  0%| F|  |TAMS 0x000000070d400000, 0x000000070d400000| Untracked 
|  99|0x000000070d600000, 0x000000070d600000, 0x000000070d800000|  0%| F|  |TAMS 0x000000070d600000, 0x000000070d600000| Untracked 
| 100|0x000000070d800000, 0x000000070d800000, 0x000000070da00000|  0%| F|  |TAMS 0x000000070d800000, 0x000000070d800000| Untracked 
| 101|0x000000070da00000, 0x000000070da00000, 0x000000070dc00000|  0%| F|  |TAMS 0x000000070da00000, 0x000000070da00000| Untracked 
| 102|0x000000070dc00000, 0x000000070dc00000, 0x000000070de00000|  0%| F|  |TAMS 0x000000070dc00000, 0x000000070dc00000| Untracked 
| 103|0x000000070de00000, 0x000000070de00000, 0x000000070e000000|  0%| F|  |TAMS 0x000000070de00000, 0x000000070de00000| Untracked 
| 104|0x000000070e000000, 0x000000070e000000, 0x000000070e200000|  0%| F|  |TAMS 0x000000070e000000, 0x000000070e000000| Untracked 
| 105|0x000000070e200000, 0x000000070e200000, 0x000000070e400000|  0%| F|  |TAMS 0x000000070e200000, 0x000000070e200000| Untracked 
| 106|0x000000070e400000, 0x000000070e400000, 0x000000070e600000|  0%| F|  |TAMS 0x000000070e400000, 0x000000070e400000| Untracked 
| 107|0x000000070e600000, 0x000000070e600000, 0x000000070e800000|  0%| F|  |TAMS 0x000000070e600000, 0x000000070e600000| Untracked 
| 108|0x000000070e800000, 0x000000070e800000, 0x000000070ea00000|  0%| F|  |TAMS 0x000000070e800000, 0x000000070e800000| Untracked 
| 109|0x000000070ea00000, 0x000000070ea00000, 0x000000070ec00000|  0%| F|  |TAMS 0x000000070ea00000, 0x000000070ea00000| Untracked 
| 110|0x000000070ec00000, 0x000000070ec00000, 0x000000070ee00000|  0%| F|  |TAMS 0x000000070ec00000, 0x000000070ec00000| Untracked 
| 111|0x000000070ee00000, 0x000000070ee00000, 0x000000070f000000|  0%| F|  |TAMS 0x000000070ee00000, 0x000000070ee00000| Untracked 
| 112|0x000000070f000000, 0x000000070f000000, 0x000000070f200000|  0%| F|  |TAMS 0x000000070f000000, 0x000000070f000000| Untracked 
| 113|0x000000070f200000, 0x000000070f200000, 0x000000070f400000|  0%| F|  |TAMS 0x000000070f200000, 0x000000070f200000| Untracked 
| 114|0x000000070f400000, 0x000000070f400000, 0x000000070f600000|  0%| F|  |TAMS 0x000000070f400000, 0x000000070f400000| Untracked 
| 115|0x000000070f600000, 0x000000070f600000, 0x000000070f800000|  0%| F|  |TAMS 0x000000070f600000, 0x000000070f600000| Untracked 
| 116|0x000000070f800000, 0x000000070f800000, 0x000000070fa00000|  0%| F|  |TAMS 0x000000070f800000, 0x000000070f800000| Untracked 
| 117|0x000000070fa00000, 0x000000070fa00000, 0x000000070fc00000|  0%| F|  |TAMS 0x000000070fa00000, 0x000000070fa00000| Untracked 
| 118|0x000000070fc00000, 0x000000070fc00000, 0x000000070fe00000|  0%| F|  |TAMS 0x000000070fc00000, 0x000000070fc00000| Untracked 
| 119|0x000000070fe00000, 0x000000070fe00000, 0x0000000710000000|  0%| F|  |TAMS 0x000000070fe00000, 0x000000070fe00000| Untracked 
| 120|0x0000000710000000, 0x0000000710000000, 0x0000000710200000|  0%| F|  |TAMS 0x0000000710000000, 0x0000000710000000| Untracked 
| 121|0x0000000710200000, 0x0000000710200000, 0x0000000710400000|  0%| F|  |TAMS 0x0000000710200000, 0x0000000710200000| Untracked 
| 122|0x0000000710400000, 0x00000007104e1cb0, 0x0000000710600000| 44%| E|  |TAMS 0x0000000710400000, 0x0000000710400000| Complete 
| 123|0x0000000710600000, 0x0000000710800000, 0x0000000710800000|100%| E|CS|TAMS 0x0000000710600000, 0x0000000710600000| Complete 
| 124|0x0000000710800000, 0x0000000710a00000, 0x0000000710a00000|100%| E|CS|TAMS 0x0000000710800000, 0x0000000710800000| Complete 
| 125|0x0000000710a00000, 0x0000000710c00000, 0x0000000710c00000|100%| E|CS|TAMS 0x0000000710a00000, 0x0000000710a00000| Complete 
| 126|0x0000000710c00000, 0x0000000710e00000, 0x0000000710e00000|100%| E|CS|TAMS 0x0000000710c00000, 0x0000000710c00000| Complete 
| 127|0x0000000710e00000, 0x0000000711000000, 0x0000000711000000|100%| E|CS|TAMS 0x0000000710e00000, 0x0000000710e00000| Complete 

Card table byte_map: [0x0000026d9e3b0000,0x0000026d9ebb0000] _byte_map_base: 0x0000026d9aba8000

Marking Bits (Prev, Next): (CMBitMap*) 0x0000026d86e53510, (CMBitMap*) 0x0000026d86e53550
 Prev Bits: [0x0000026d9f3b0000, 0x0000026da3370000)
 Next Bits: [0x0000026da3370000, 0x0000026da7330000)

Polling page: 0x0000026d84d90000

Metaspace:

Usage:
  Non-class:      9.85 MB used.
      Class:      1.31 MB used.
       Both:     11.16 MB used.

Virtual space:
  Non-class space:       16.00 MB reserved,       9.94 MB ( 62%) committed,  2 nodes.
      Class space:        1.00 GB reserved,       1.44 MB ( <1%) committed,  1 nodes.
             Both:        1.02 GB reserved,      11.38 MB (  1%) committed. 

Chunk freelists:
   Non-Class:  2.00 MB
       Class:  2.61 MB
        Both:  4.61 MB

MaxMetaspaceSize: unlimited
CompressedClassSpaceSize: 1.00 GB
Initial GC threshold: 21.00 MB
Current GC threshold: 21.00 MB
CDS: on
MetaspaceReclaimPolicy: balanced
 - commit_granule_bytes: 65536.
 - commit_granule_words: 8192.
 - virtual_space_node_default_size: 1048576.
 - enlarge_chunks_in_place: 1.
 - new_chunks_are_fully_committed: 0.
 - uncommit_free_chunks: 1.
 - use_allocation_guard: 0.
 - handle_deallocations: 1.


Internal statistics:

num_allocs_failed_limit: 0.
num_arena_births: 108.
num_arena_deaths: 0.
num_vsnodes_births: 3.
num_vsnodes_deaths: 0.
num_space_committed: 182.
num_space_uncommitted: 0.
num_chunks_returned_to_freelist: 0.
num_chunks_taken_from_freelist: 167.
num_chunk_merges: 0.
num_chunk_splits: 89.
num_chunks_enlarged: 34.
num_purges: 0.
num_inconsistent_stats: 0.

CodeHeap 'non-profiled nmethods': size=120000Kb used=396Kb max_used=396Kb free=119604Kb
 bounds [0x0000026d96120000, 0x0000026d96390000, 0x0000026d9d650000]
CodeHeap 'profiled nmethods': size=120000Kb used=2562Kb max_used=2562Kb free=117438Kb
 bounds [0x0000026d8ebf0000, 0x0000026d8ee80000, 0x0000026d96120000]
CodeHeap 'non-nmethods': size=5760Kb used=1327Kb max_used=1345Kb free=4432Kb
 bounds [0x0000026d8e650000, 0x0000026d8e8c0000, 0x0000026d8ebf0000]
 total_blobs=2094 nmethods=1426 adapters=580
 compilation: enabled
              stopped_count=0, restarted_count=0
 full_count=0

Compilation events (20 events):
Event: 5.452 Thread 0x0000026da9fc52e0 1417       1       javax.swing.JComponent::isOptimizedDrawingEnabled (2 bytes)
Event: 5.452 Thread 0x0000026da9fc52e0 nmethod 1417 0x0000026d96182710 code [0x0000026d961828a0, 0x0000026d96182978]
Event: 5.452 Thread 0x0000026da9fc52e0 1418       3       javax.swing.RepaintManager::currentManager (5 bytes)
Event: 5.453 Thread 0x0000026da9fc4630 1420       4       sun.java2d.marlin.Renderer::tosubpixx (6 bytes)
Event: 5.453 Thread 0x0000026da9fc52e0 nmethod 1418 0x0000026d8ee6d190 code [0x0000026d8ee6d340, 0x0000026d8ee6d4d8]
Event: 5.453 Thread 0x0000026da9fc52e0 1419       3       javax.swing.RepaintManager::currentManager (7 bytes)
Event: 5.453 Thread 0x0000026da9fc52e0 nmethod 1419 0x0000026d8ee6d590 code [0x0000026d8ee6d740, 0x0000026d8ee6d878]
Event: 5.453 Thread 0x0000026da9fc4630 nmethod 1420 0x0000026d96182a10 code [0x0000026d96182ba0, 0x0000026d96182bf8]
Event: 5.453 Thread 0x0000026da9fc4630 1421       4       sun.java2d.marlin.Renderer::tosubpixy (10 bytes)
Event: 5.453 Thread 0x0000026da9fc52e0 1422       3       sun.java2d.marlin.TransformingPathConsumer2D$PathClipFilter::curveTo (274 bytes)
Event: 5.453 Thread 0x0000026da9fc4630 nmethod 1421 0x0000026d96182d10 code [0x0000026d96182ea0, 0x0000026d96182f18]
Event: 5.454 Thread 0x0000026da9fc52e0 nmethod 1422 0x0000026d8ee6d910 code [0x0000026d8ee6db40, 0x0000026d8ee6e318]
Event: 5.454 Thread 0x0000026da9fc52e0 1423       3       sun.java2d.marlin.Renderer::curveTo (84 bytes)
Event: 5.454 Thread 0x0000026da9fc52e0 nmethod 1423 0x0000026d8ee6e610 code [0x0000026d8ee6e880, 0x0000026d8ee6ed38]
Event: 5.454 Thread 0x0000026da9fc52e0 1424       3       java.awt.Rectangle::intersection (180 bytes)
Event: 5.455 Thread 0x0000026da9fc52e0 nmethod 1424 0x0000026d8ee6f090 code [0x0000026d8ee6f260, 0x0000026d8ee6f758]
Event: 5.455 Thread 0x0000026da9fc52e0 1426       3       sun.java2d.pipe.Region::clipRound (34 bytes)
Event: 5.455 Thread 0x0000026da9fc52e0 nmethod 1426 0x0000026d8ee6f910 code [0x0000026d8ee6fb00, 0x0000026d8ee6fda8]
Event: 5.455 Thread 0x0000026da9fc52e0 1425       3       javax.swing.plaf.synth.SynthButtonUI::getContext (10 bytes)
Event: 5.455 Thread 0x0000026da9fc52e0 nmethod 1425 0x0000026d8ee6fe90 code [0x0000026d8ee70080, 0x0000026d8ee705d8]

GC Heap History (0 events):
No events

Deoptimization events (20 events):
Event: 0.337 Thread 0x0000026da9fbacc0 DEOPT PACKING pc=0x0000026d9613f418 sp=0x000000ff98efde20
Event: 0.337 Thread 0x0000026da9fbacc0 DEOPT UNPACKING pc=0x0000026d8e6a23a3 sp=0x000000ff98efddb8 mode 2
Event: 0.365 Thread 0x0000026da9fbacc0 Uncommon trap: trap_request=0xffffff45 fr.pc=0x0000026d96138c14 relative=0x0000000000000194
Event: 0.365 Thread 0x0000026da9fbacc0 Uncommon trap: reason=unstable_if action=reinterpret pc=0x0000026d96138c14 method=java.lang.String.equals(Ljava/lang/Object;)Z @ 33 c2
Event: 0.365 Thread 0x0000026da9fbacc0 DEOPT PACKING pc=0x0000026d96138c14 sp=0x000000ff98efe890
Event: 0.365 Thread 0x0000026da9fbacc0 DEOPT UNPACKING pc=0x0000026d8e6a23a3 sp=0x000000ff98efe820 mode 2
Event: 0.392 Thread 0x0000026da9fbacc0 Uncommon trap: trap_request=0xffffff45 fr.pc=0x0000026d9614b3c4 relative=0x0000000000000ca4
Event: 0.392 Thread 0x0000026da9fbacc0 Uncommon trap: reason=unstable_if action=reinterpret pc=0x0000026d9614b3c4 method=java.util.HashMap.putVal(ILjava/lang/Object;Ljava/lang/Object;ZZ)Ljava/lang/Object; @ 109 c2
Event: 0.392 Thread 0x0000026da9fbacc0 DEOPT PACKING pc=0x0000026d9614b3c4 sp=0x000000ff98efcf00
Event: 0.392 Thread 0x0000026da9fbacc0 DEOPT UNPACKING pc=0x0000026d8e6a23a3 sp=0x000000ff98efce28 mode 2
Event: 2.261 Thread 0x0000026da9fbacc0 Uncommon trap: trap_request=0xffffff45 fr.pc=0x0000026d96160e74 relative=0x0000000000000394
Event: 2.261 Thread 0x0000026da9fbacc0 Uncommon trap: reason=unstable_if action=reinterpret pc=0x0000026d96160e74 method=java.awt.MultipleGradientPaintContext.indexIntoGradientsArrays(F)I @ 93 c2
Event: 2.261 Thread 0x0000026da9fbacc0 DEOPT PACKING pc=0x0000026d96160e74 sp=0x000000ff98efd1a0
Event: 2.261 Thread 0x0000026da9fbacc0 DEOPT UNPACKING pc=0x0000026d8e6a23a3 sp=0x000000ff98efd128 mode 2
Event: 2.727 Thread 0x0000026da9fbacc0 DEOPT PACKING pc=0x0000026d8eda75a9 sp=0x000000ff98efcf20
Event: 2.727 Thread 0x0000026da9fbacc0 DEOPT UNPACKING pc=0x0000026d8e6a2b43 sp=0x000000ff98efc2a8 mode 0
Event: 5.100 Thread 0x0000026da9fbacc0 DEOPT PACKING pc=0x0000026d8edac083 sp=0x000000ff98efd270
Event: 5.100 Thread 0x0000026da9fbacc0 DEOPT UNPACKING pc=0x0000026d8e6a2b43 sp=0x000000ff98efc690 mode 0
Event: 5.100 Thread 0x0000026da9fbacc0 DEOPT PACKING pc=0x0000026d8ede5909 sp=0x000000ff98efcf50
Event: 5.100 Thread 0x0000026da9fbacc0 DEOPT UNPACKING pc=0x0000026d8e6a2b43 sp=0x000000ff98efc3d8 mode 0

Classes unloaded (0 events):
No events

Classes redefined (0 events):
No events

Internal exceptions (20 events):
Event: 0.219 Thread 0x0000026d84cedec0 Exception <a 'java/lang/ClassNotFoundException'{0x0000000710b37af0}: EditorPane> (0x0000000710b37af0) 
thrown [t:\workspace\open\src\hotspot\share\classfile\systemDictionary.cpp, line 256]
Event: 0.219 Thread 0x0000026d84cedec0 Exception <a 'java/lang/ClassNotFoundException'{0x0000000710b38450}: ToolBar> (0x0000000710b38450) 
thrown [t:\workspace\open\src\hotspot\share\classfile\systemDictionary.cpp, line 256]
Event: 0.219 Thread 0x0000026d84cedec0 Exception <a 'java/lang/ClassNotFoundException'{0x0000000710b38948}: ToolBar> (0x0000000710b38948) 
thrown [t:\workspace\open\src\hotspot\share\classfile\systemDictionary.cpp, line 256]
Event: 0.219 Thread 0x0000026d84cedec0 Exception <a 'java/lang/ClassNotFoundException'{0x0000000710b38ca8}: Button> (0x0000000710b38ca8) 
thrown [t:\workspace\open\src\hotspot\share\classfile\systemDictionary.cpp, line 256]
Event: 0.219 Thread 0x0000026d84cedec0 Exception <a 'java/lang/ClassNotFoundException'{0x0000000710b39170}: ToolBar> (0x0000000710b39170) 
thrown [t:\workspace\open\src\hotspot\share\classfile\systemDictionary.cpp, line 256]
Event: 0.219 Thread 0x0000026d84cedec0 Exception <a 'java/lang/ClassNotFoundException'{0x0000000710b394e0}: ToggleButton> (0x0000000710b394e0) 
thrown [t:\workspace\open\src\hotspot\share\classfile\systemDictionary.cpp, line 256]
Event: 0.219 Thread 0x0000026d84cedec0 Exception <a 'java/lang/ClassNotFoundException'{0x0000000710b39920}: javax/swing/JToolBarSeparator> (0x0000000710b39920) 
thrown [t:\workspace\open\src\hotspot\share\classfile\systemDictionary.cpp, line 256]
Event: 0.219 Thread 0x0000026d84cedec0 Exception <a 'java/lang/ClassNotFoundException'{0x0000000710b39c28}: ToolBarSeparator> (0x0000000710b39c28) 
thrown [t:\workspace\open\src\hotspot\share\classfile\systemDictionary.cpp, line 256]
Event: 0.219 Thread 0x0000026d84cedec0 Exception <a 'java/lang/ClassNotFoundException'{0x0000000710b3a140}: ToolTip> (0x0000000710b3a140) 
thrown [t:\workspace\open\src\hotspot\share\classfile\systemDictionary.cpp, line 256]
Event: 0.220 Thread 0x0000026d84cedec0 Exception <a 'java/lang/ClassNotFoundException'{0x0000000710b3aa90}: Tree> (0x0000000710b3aa90) 
thrown [t:\workspace\open\src\hotspot\share\classfile\systemDictionary.cpp, line 256]
Event: 0.220 Thread 0x0000026d84cedec0 Exception <a 'java/lang/ClassNotFoundException'{0x0000000710b3af88}: Tree> (0x0000000710b3af88) 
thrown [t:\workspace\open\src\hotspot\share\classfile\systemDictionary.cpp, line 256]
Event: 0.220 Thread 0x0000026d84cedec0 Exception <a 'java/lang/ClassNotFoundException'{0x0000000710b3b2f8}: javax/swing/JTreeCell> (0x0000000710b3b2f8) 
thrown [t:\workspace\open\src\hotspot\share\classfile\systemDictionary.cpp, line 256]
Event: 0.220 Thread 0x0000026d84cedec0 Exception <a 'java/lang/ClassNotFoundException'{0x0000000710b3b5f8}: TreeCell> (0x0000000710b3b5f8) 
thrown [t:\workspace\open\src\hotspot\share\classfile\systemDictionary.cpp, line 256]
Event: 0.220 Thread 0x0000026d84cedec0 Exception <a 'java/lang/ClassNotFoundException'{0x0000000710b3bdb8}: RootPane> (0x0000000710b3bdb8) 
thrown [t:\workspace\open\src\hotspot\share\classfile\systemDictionary.cpp, line 256]
Event: 0.221 Thread 0x0000026d84cedec0 Exception <a 'java/lang/ClassNotFoundException'{0x0000000710b3ec08}: com/sun/swing/internal/plaf/metal/resources/spi/metalProvider> (0x0000000710b3ec08) 
thrown [t:\workspace\open\src\hotspot\share\classfile\systemDictionary.cpp, line 256]
Event: 0.222 Thread 0x0000026d84cedec0 Exception <a 'java/lang/ClassNotFoundException'{0x0000000710b42808}: com/sun/swing/internal/plaf/basic/resources/spi/basicProvider> (0x0000000710b42808) 
thrown [t:\workspace\open\src\hotspot\share\classfile\systemDictionary.cpp, line 256]
Event: 0.305 Thread 0x0000026da9fbacc0 Exception <a 'java/lang/ClassNotFoundException'{0x0000000710bd8cc0}: com/sun/swing/internal/plaf/synth/resources/spi/synthProvider> (0x0000000710bd8cc0) 
thrown [t:\workspace\open\src\hotspot\share\classfile\systemDictionary.cpp, line 256]
Event: 0.337 Thread 0x0000026da9fbacc0 Implicit null exception at 0x0000026d9613f38f to 0x0000026d9613f409
Event: 0.372 Thread 0x0000026da9fba7f0 Exception <a 'java/lang/NoSuchMethodError'{0x0000000710d622d0}: 'void java.lang.invoke.DirectMethodHandle$Holder.invokeVirtual(java.lang.Object, java.lang.Object)'> (0x0000000710d622d0) 
thrown [t:\workspace\open\src\hotspot\share\interpreter\linkResolver.cpp, line 766]
Event: 0.382 Thread 0x0000026da9fbacc0 Exception <a 'java/lang/NoSuchMethodError'{0x00000007108c0a08}: 'void java.lang.invoke.DirectMethodHandle$Holder.invokeStaticInit(java.lang.Object)'> (0x00000007108c0a08) 
thrown [t:\workspace\open\src\hotspot\share\interpreter\linkResolver.cpp, line 766]

VM Operations (18 events):
Event: 0.053 Executing VM operation: HandshakeAllThreads
Event: 0.053 Executing VM operation: HandshakeAllThreads done
Event: 0.202 Executing VM operation: HandshakeAllThreads
Event: 0.202 Executing VM operation: HandshakeAllThreads done
Event: 0.358 Executing VM operation: HandshakeAllThreads
Event: 0.358 Executing VM operation: HandshakeAllThreads done
Event: 0.495 Executing VM operation: HandshakeAllThreads
Event: 0.495 Executing VM operation: HandshakeAllThreads done
Event: 1.498 Executing VM operation: Cleanup
Event: 1.498 Executing VM operation: Cleanup done
Event: 2.249 Executing VM operation: HandshakeAllThreads
Event: 2.249 Executing VM operation: HandshakeAllThreads done
Event: 3.240 Executing VM operation: Cleanup
Event: 3.240 Executing VM operation: Cleanup done
Event: 4.257 Executing VM operation: Cleanup
Event: 4.257 Executing VM operation: Cleanup done
Event: 5.270 Executing VM operation: Cleanup
Event: 5.270 Executing VM operation: Cleanup done

Events (20 events):
Event: 4.249 loading class javax/swing/text/DefaultCaret$1
Event: 4.249 loading class javax/swing/text/DefaultCaret$1 done
Event: 4.249 loading class javax/swing/event/UndoableEditEvent
Event: 4.249 loading class javax/swing/event/UndoableEditEvent done
Event: 4.249 loading class javax/swing/text/AbstractDocument$DefaultDocumentEventUndoableWrapper
Event: 4.249 loading class sun/swing/text/UndoableEditLockSupport
Event: 4.249 loading class sun/swing/text/UndoableEditLockSupport done
Event: 4.249 loading class javax/swing/text/AbstractDocument$DefaultDocumentEventUndoableWrapper done
Event: 4.249 loading class javax/swing/event/UndoableEditListener
Event: 4.249 loading class javax/swing/event/UndoableEditListener done
Event: 4.251 loading class javax/swing/Popup$DefaultFrame
Event: 4.251 loading class javax/swing/Popup$DefaultFrame done
Event: 4.251 loading class javax/swing/PopupFactory$HeavyWeightPopup$1
Event: 4.251 loading class java/awt/event/WindowAdapter
Event: 4.251 loading class java/awt/event/WindowAdapter done
Event: 4.251 loading class javax/swing/PopupFactory$HeavyWeightPopup$1 done
Event: 4.251 loading class javax/swing/plaf/basic/BasicPopupMenuUI$MouseGrabber$2
Event: 4.251 loading class javax/swing/plaf/basic/BasicPopupMenuUI$MouseGrabber$2 done
Event: 4.256 loading class java/awt/Event
Event: 4.256 loading class java/awt/Event done


Dynamic libraries:
0x00007ff64aac0000 - 0x00007ff64aad0000 	C:\Program Files\Java\jdk-17.0.2\bin\java.exe
0x00007ffed4960000 - 0x00007ffed4b50000 	C:\WINDOWS\SYSTEM32\ntdll.dll
0x00007ffed3e90000 - 0x00007ffed3f42000 	C:\WINDOWS\System32\KERNEL32.DLL
0x00007ffed2730000 - 0x00007ffed29d3000 	C:\WINDOWS\System32\KERNELBASE.dll
0x00007ffed1b20000 - 0x00007ffed1c1a000 	C:\WINDOWS\System32\ucrtbase.dll
0x00007ffec5ca0000 - 0x00007ffec5cba000 	C:\Program Files\Java\jdk-17.0.2\bin\VCRUNTIME140.dll
0x00007ffeb2fd0000 - 0x00007ffeb2fe8000 	C:\Program Files\Java\jdk-17.0.2\bin\jli.dll
0x00007ffed47c0000 - 0x00007ffed4863000 	C:\WINDOWS\System32\ADVAPI32.dll
0x00007ffed31a0000 - 0x00007ffed323e000 	C:\WINDOWS\System32\msvcrt.dll
0x00007ffed2e20000 - 0x00007ffed2eb7000 	C:\WINDOWS\System32\sechost.dll
0x00007ffed3070000 - 0x00007ffed3190000 	C:\WINDOWS\System32\RPCRT4.dll
0x00007ffed2ed0000 - 0x00007ffed3064000 	C:\WINDOWS\System32\USER32.dll
0x00007ffed0c70000 - 0x00007ffed0ef5000 	C:\WINDOWS\WinSxS\amd64_microsoft.windows.common-controls_6595b64144ccf1df_6.0.18362.418_none_e6c6b287130d565d\COMCTL32.dll
0x00007ffed1970000 - 0x00007ffed1991000 	C:\WINDOWS\System32\win32u.dll
0x00007ffed2d20000 - 0x00007ffed2d46000 	C:\WINDOWS\System32\GDI32.dll
0x00007ffed29e0000 - 0x00007ffed2d16000 	C:\WINDOWS\System32\combase.dll
0x00007ffed2570000 - 0x00007ffed2704000 	C:\WINDOWS\System32\gdi32full.dll
0x00007ffed23a0000 - 0x00007ffed2420000 	C:\WINDOWS\System32\bcryptPrimitives.dll
0x00007ffed1a80000 - 0x00007ffed1b1e000 	C:\WINDOWS\System32\msvcp_win.dll
0x00007ffecd6a0000 - 0x00007ffecd6aa000 	C:\WINDOWS\SYSTEM32\VERSION.dll
0x00007ffed4790000 - 0x00007ffed47be000 	C:\WINDOWS\System32\IMM32.DLL
0x00007ffecf9e0000 - 0x00007ffecf9ec000 	C:\Program Files\Java\jdk-17.0.2\bin\vcruntime140_1.dll
0x00007ffeb2f40000 - 0x00007ffeb2fcd000 	C:\Program Files\Java\jdk-17.0.2\bin\msvcp140.dll
0x00007ffe9fa60000 - 0x00007ffea0621000 	C:\Program Files\Java\jdk-17.0.2\bin\server\jvm.dll
0x00007ffed2ec0000 - 0x00007ffed2ec8000 	C:\WINDOWS\System32\PSAPI.DLL
0x00007ffed1150000 - 0x00007ffed1159000 	C:\WINDOWS\SYSTEM32\WSOCK32.dll
0x00007ffecd5a0000 - 0x00007ffecd5c4000 	C:\WINDOWS\SYSTEM32\WINMM.dll
0x00007ffed4510000 - 0x00007ffed457f000 	C:\WINDOWS\System32\WS2_32.dll
0x00007ffecd570000 - 0x00007ffecd59d000 	C:\WINDOWS\SYSTEM32\WINMMBASE.dll
0x00007ffed18c0000 - 0x00007ffed190a000 	C:\WINDOWS\System32\cfgmgr32.dll
0x00007ffed1810000 - 0x00007ffed1821000 	C:\WINDOWS\System32\kernel.appcore.dll
0x00007ffec5c90000 - 0x00007ffec5c9a000 	C:\Program Files\Java\jdk-17.0.2\bin\jimage.dll
0x00007ffed1400000 - 0x00007ffed15f4000 	C:\WINDOWS\SYSTEM32\DBGHELP.DLL
0x00007ffed1090000 - 0x00007ffed10ba000 	C:\WINDOWS\SYSTEM32\dbgcore.DLL
0x00007ffeb2f10000 - 0x00007ffeb2f35000 	C:\Program Files\Java\jdk-17.0.2\bin\java.dll
0x00007ffeb27c0000 - 0x00007ffeb2896000 	C:\Program Files\Java\jdk-17.0.2\bin\jsvml.dll
0x00007ffed36d0000 - 0x00007ffed3db5000 	C:\WINDOWS\System32\SHELL32.dll
0x00007ffed3370000 - 0x00007ffed3419000 	C:\WINDOWS\System32\shcore.dll
0x00007ffed1c20000 - 0x00007ffed239f000 	C:\WINDOWS\System32\windows.storage.dll
0x00007ffed1850000 - 0x00007ffed186f000 	C:\WINDOWS\System32\profapi.dll
0x00007ffed1870000 - 0x00007ffed18ba000 	C:\WINDOWS\System32\powrprof.dll
0x00007ffed1800000 - 0x00007ffed1810000 	C:\WINDOWS\System32\UMPDC.dll
0x00007ffed3310000 - 0x00007ffed3362000 	C:\WINDOWS\System32\shlwapi.dll
0x00007ffed2710000 - 0x00007ffed2727000 	C:\WINDOWS\System32\cryptsp.dll
0x00007ffeb27a0000 - 0x00007ffeb27b9000 	C:\Program Files\Java\jdk-17.0.2\bin\net.dll
0x00007ffec9530000 - 0x00007ffec9620000 	C:\WINDOWS\SYSTEM32\WINHTTP.dll
0x00007ffed09f0000 - 0x00007ffed0a57000 	C:\WINDOWS\system32\mswsock.dll
0x00007ffeb2780000 - 0x00007ffeb2796000 	C:\Program Files\Java\jdk-17.0.2\bin\nio.dll
0x00007ffeb2760000 - 0x00007ffeb2778000 	C:\Program Files\Java\jdk-17.0.2\bin\zip.dll
0x00007ffeb0900000 - 0x00007ffeb0a8f000 	C:\Program Files\Java\jdk-17.0.2\bin\awt.dll
0x00007ffed3dc0000 - 0x00007ffed3e84000 	C:\WINDOWS\System32\OLEAUT32.dll
0x00007ffeceb80000 - 0x00007ffecec0f000 	C:\WINDOWS\SYSTEM32\apphelp.dll
0x00007ffec44e0000 - 0x00007ffec44f0000 	C:\Program Files\Java\jdk-17.0.2\bin\verify.dll
0x0000000071100000 - 0x0000000071125000 	C:\Users\Sergey\.jssc\windows\jSSC-2.8_x86_64.dll
0x00007ffececa0000 - 0x00007ffeced39000 	C:\WINDOWS\system32\uxtheme.dll
0x00007ffed43d0000 - 0x00007ffed4506000 	C:\WINDOWS\System32\MSCTF.dll
0x00007ffed34c0000 - 0x00007ffed3616000 	C:\WINDOWS\System32\ole32.dll
0x00007ffecf0d0000 - 0x00007ffecf0fd000 	C:\WINDOWS\system32\DWMAPI.DLL
0x00007ffeb26d0000 - 0x00007ffeb2759000 	C:\Program Files\Java\jdk-17.0.2\bin\freetype.dll
0x00007ffeb1d10000 - 0x00007ffeb1db8000 	C:\Program Files\Java\jdk-17.0.2\bin\fontmanager.dll
0x00007ffe83cb0000 - 0x00007ffe83e06000 	C:\WINDOWS\system32\opengl32.dll
0x00007ffea6900000 - 0x00007ffea692c000 	C:\WINDOWS\SYSTEM32\GLU32.dll
0x00007ffecfe30000 - 0x00007ffecfe50000 	C:\WINDOWS\SYSTEM32\dxcore.dll
0x00007ffeb0730000 - 0x00007ffeb08f7000 	C:\WINDOWS\system32\d3d9.dll
0x00007ffeca490000 - 0x00007ffeca57b000 	C:\WINDOWS\System32\DriverStore\FileRepository\nv_dispi.inf_amd64_7a39871618b19f06\nvldumdx.dll
0x00007ffed2420000 - 0x00007ffed2569000 	C:\WINDOWS\System32\crypt32.dll
0x00007ffed1830000 - 0x00007ffed1842000 	C:\WINDOWS\System32\MSASN1.dll
0x00007ffed1910000 - 0x00007ffed196c000 	C:\WINDOWS\System32\WINTRUST.DLL
0x00007ffed3420000 - 0x00007ffed343d000 	C:\WINDOWS\System32\imagehlp.dll
0x00007ffed0560000 - 0x00007ffed0593000 	C:\WINDOWS\system32\rsaenh.dll
0x00007ffed19a0000 - 0x00007ffed19c6000 	C:\WINDOWS\System32\bcrypt.dll
0x00007ffed0bc0000 - 0x00007ffed0bcc000 	C:\WINDOWS\SYSTEM32\CRYPTBASE.dll
0x00007ffe9e850000 - 0x00007ffe9fa5d000 	C:\WINDOWS\System32\DriverStore\FileRepository\nv_dispi.inf_amd64_7a39871618b19f06\nvd3dumx.dll
0x00007ffed3620000 - 0x00007ffed36c2000 	C:\WINDOWS\System32\clbcatq.dll
0x00007ffecbd80000 - 0x00007ffecbf2f000 	C:\WINDOWS\SYSTEM32\WindowsCodecs.dll
0x00007ffe91a30000 - 0x00007ffe91a6a000 	C:\WINDOWS\system32\dataexchange.dll
0x00007ffece490000 - 0x00007ffece6eb000 	C:\WINDOWS\system32\d3d11.dll
0x00007ffecd7f0000 - 0x00007ffecd9cb000 	C:\WINDOWS\system32\dcomp.dll
0x00007ffecfec0000 - 0x00007ffecffab000 	C:\WINDOWS\system32\dxgi.dll
0x00007ffeced40000 - 0x00007ffecef9a000 	C:\WINDOWS\system32\twinapi.appcore.dll
0x00007ffecf0a0000 - 0x00007ffecf0c9000 	C:\WINDOWS\system32\RMCLIENT.dll
0x00007ffec5610000 - 0x00007ffec56ae000 	C:\WINDOWS\System32\TextInputFramework.dll
0x00007ffecea60000 - 0x00007ffeceb34000 	C:\WINDOWS\System32\CoreMessaging.dll
0x00007ffecc460000 - 0x00007ffecc78a000 	C:\WINDOWS\System32\CoreUIComponents.dll
0x00007ffed10c0000 - 0x00007ffed10f1000 	C:\WINDOWS\SYSTEM32\ntmarta.dll
0x00007ffecc270000 - 0x00007ffecc3c3000 	C:\WINDOWS\SYSTEM32\wintypes.dll
0x00007ffec4230000 - 0x00007ffec44d6000 	C:\WINDOWS\System32\iertutil.dll

dbghelp: loaded successfully - version: 4.0.5 - missing functions: none
symbol engine: initialized successfully - sym options: 0x614 - pdb path: .;C:\Program Files\Java\jdk-17.0.2\bin;C:\WINDOWS\SYSTEM32;C:\WINDOWS\WinSxS\amd64_microsoft.windows.common-controls_6595b64144ccf1df_6.0.18362.418_none_e6c6b287130d565d;C:\Program Files\Java\jdk-17.0.2\bin\server;C:\Users\Sergey\.jssc\windows;C:\WINDOWS\System32\DriverStore\FileRepository\nv_dispi.inf_amd64_7a39871618b19f06

VM Arguments:
jvm_args: -Dfile.encoding=UTF-8 --module-path=D:\Sergey\JavaLang\javaClockPort\build\classes 
java_command: javaclockport.JavaClockPort
java_class_path (initial): D:\Sergey\JavaLang\Library\jSSC-2.8.0-Release\jSSC-2.8.0-Release\jssc.jar;D:\Sergey\JavaLang\javaClockPort\build\classes
Launcher Type: SUN_STANDARD

[Global flags]
     intx CICompilerCount                          = 4                                         {product} {ergonomic}
     uint ConcGCThreads                            = 3                                         {product} {ergonomic}
     uint G1ConcRefinementThreads                  = 10                                        {product} {ergonomic}
   size_t G1HeapRegionSize                         = 2097152                                   {product} {ergonomic}
    uintx GCDrainStackTargetSize                   = 64                                        {product} {ergonomic}
   size_t InitialHeapSize                          = 268435456                                 {product} {ergonomic}
   size_t MarkStackSize                            = 4194304                                   {product} {ergonomic}
   size_t MaxHeapSize                              = 4278190080                                {product} {ergonomic}
   size_t MaxNewSize                               = 2566914048                                {product} {ergonomic}
   size_t MinHeapDeltaBytes                        = 2097152                                   {product} {ergonomic}
   size_t MinHeapSize                              = 8388608                                   {product} {ergonomic}
    uintx NonNMethodCodeHeapSize                   = 5839372                                {pd product} {ergonomic}
    uintx NonProfiledCodeHeapSize                  = 122909434                              {pd product} {ergonomic}
    uintx ProfiledCodeHeapSize                     = 122909434                              {pd product} {ergonomic}
    uintx ReservedCodeCacheSize                    = 251658240                              {pd product} {ergonomic}
     bool SegmentedCodeCache                       = true                                      {product} {ergonomic}
   size_t SoftMaxHeapSize                          = 4278190080                             {manageable} {ergonomic}
     bool UseCompressedClassPointers               = true                           {product lp64_product} {ergonomic}
     bool UseCompressedOops                        = true                           {product lp64_product} {ergonomic}
     bool UseG1GC                                  = true                                      {product} {ergonomic}
     bool UseLargePagesIndividualAllocation        = false                                  {pd product} {ergonomic}

Logging:
Log output configuration:
 #0: stdout all=warning uptime,level,tags
 #1: stderr all=off uptime,level,tags

Environment Variables:
PATH=C:\Program Files\Common Files\Oracle\Java\javapath;C:\Program Files (x86)\Common Files\Oracle\Java\javapath;C:\WinAVR-20100110\bin;C:\WinAVR-20100110\utils\bin;C:\Program Files\Microchip\xc8\v2.32\bin;C:\Program Files\Git\cmd;C:\Users\Sergey\AppData\Local\Microsoft\WindowsApps;C:\SysGCC\esp8266\bin;C:\MinGW\bin;C:\Users\Sergey\AppData\Roaming\npm;C:\Users\Sergey\AppData\Local\Programs\Microsoft VS Code\bin;C:\Windows\System32\;C:\Users\Sergey\AppData\Local\Temp;
USERNAME=Sergey
OS=Windows_NT
PROCESSOR_IDENTIFIER=AMD64 Family 23 Model 1 Stepping 1, AuthenticAMD



---------------  S Y S T E M  ---------------

OS:
 Windows 10 , 64 bit Build 18362 (10.0.18362.329)
OS uptime: 1 days 0:19 hours

CPU: total 12 (initial active 12) (12 cores per cpu, 2 threads per core) family 23 model 1 stepping 1 microcode 0x0, cx8, cmov, fxsr, ht, mmx, 3dnowpref, sse, sse2, sse3, ssse3, sse4a, sse4.1, sse4.2, popcnt, lzcnt, tsc, tscinvbit, avx, avx2, aes, clmul, bmi1, bmi2, adx, sha, fma, vzeroupper, clflush, clflushopt

Memory: 4k page, system-wide physical 16313M (8573M free)
TotalPageFile size 18745M (AvailPageFile size 8356M)
current process WorkingSet (physical memory assigned to process): 85M, peak: 89M
current process commit charge ("private bytes"): 386M, peak: 391M

vm_info: Java HotSpot(TM) 64-Bit Server VM (17.0.2+8-LTS-86) for windows-amd64 JRE (17.0.2+8-LTS-86), built on Dec  7 2021 21:51:03 by "mach5one" with MS VC++ 16.8 / 16.9 (VS2019)

END.
