#
# A fatal error has been detected by the Java Runtime Environment:
#
#  EXCEPTION_ACCESS_VIOLATION (0xc0000005) at pc=0x000000007110b5db, pid=1088, tid=17740
#
# JRE version: Java(TM) SE Runtime Environment (13.0.1+9) (build 13.0.1+9)
# Java VM: Java HotSpot(TM) 64-Bit Server VM (13.0.1+9, mixed mode, sharing, tiered, compressed oops, g1 gc, windows-amd64)
# Problematic frame:
# C  [jSSC-2.8_x86_64.dll+0xb5db]
#
# No core dump will be written. Minidumps are not enabled by default on client versions of Windows
#
# If you would like to submit a bug report, please visit:
#   http://bugreport.java.com/bugreport/crash.jsp
# The crash happened outside the Java Virtual Machine in native code.
# See problematic frame for where to report the bug.
#

---------------  S U M M A R Y ------------

Command Line: -Dfile.encoding=UTF-8 --module-path=D:\Sergey\JavaLang\javaClockPort\build\classes javaclockport.JavaClockPort

Host: AMD Ryzen 5 1600X Six-Core Processor           , 12 cores, 15G,  Windows 10 , 64 bit Build 18362 (10.0.18362.329)
Time: Mon Feb 28 08:28:46 2022 RTZ 2 (ceia) elapsed time: 1 seconds (0d 0h 0m 1s)

---------------  T H R E A D  ---------------

Current thread (0x000001c6b5c4a800):  JavaThread "AWT-EventQueue-0" [_thread_in_native, id=17740, stack(0x000000af22a00000,0x000000af22b00000)]

Stack: [0x000000af22a00000,0x000000af22b00000],  sp=0x000000af22afddf0,  free space=1015k
Native frames: (J=compiled Java code, j=interpreted, Vv=VM code, C=native code)
C  [jSSC-2.8_x86_64.dll+0xb5db]

Java frames: (J=compiled Java code, j=interpreted, Vv=VM code)
j  jssc.SerialNativeInterface.openPort(Ljava/lang/String;Z)J+0
j  jssc.SerialPort.openPort()Z+65
j  javaclockport.MainFrame.jButton1ActionPerformed(Ljava/awt/event/ActionEvent;)V+3
j  javaclockport.MainFrame$1.actionPerformed(Ljava/awt/event/ActionEvent;)V+5
j  javax.swing.AbstractButton.fireActionPerformed(Ljava/awt/event/ActionEvent;)V+84 java.desktop@13.0.1
j  javax.swing.AbstractButton$Handler.actionPerformed(Ljava/awt/event/ActionEvent;)V+5 java.desktop@13.0.1
j  javax.swing.DefaultButtonModel.fireActionPerformed(Ljava/awt/event/ActionEvent;)V+34 java.desktop@13.0.1
j  javax.swing.DefaultButtonModel.setPressed(Z)V+117 java.desktop@13.0.1
j  javax.swing.plaf.basic.BasicButtonListener.mouseReleased(Ljava/awt/event/MouseEvent;)V+35 java.desktop@13.0.1
j  java.awt.Component.processMouseEvent(Ljava/awt/event/MouseEvent;)V+64 java.desktop@13.0.1
j  javax.swing.JComponent.processMouseEvent(Ljava/awt/event/MouseEvent;)V+23 java.desktop@13.0.1
j  java.awt.Component.processEvent(Ljava/awt/AWTEvent;)V+81 java.desktop@13.0.1
j  java.awt.Container.processEvent(Ljava/awt/AWTEvent;)V+18 java.desktop@13.0.1
j  java.awt.Component.dispatchEventImpl(Ljava/awt/AWTEvent;)V+496 java.desktop@13.0.1
j  java.awt.Container.dispatchEventImpl(Ljava/awt/AWTEvent;)V+42 java.desktop@13.0.1
j  java.awt.Component.dispatchEvent(Ljava/awt/AWTEvent;)V+2 java.desktop@13.0.1
j  java.awt.LightweightDispatcher.retargetMouseEvent(Ljava/awt/Component;ILjava/awt/event/MouseEvent;)V+349 java.desktop@13.0.1
j  java.awt.LightweightDispatcher.processMouseEvent(Ljava/awt/event/MouseEvent;)Z+155 java.desktop@13.0.1
j  java.awt.LightweightDispatcher.dispatchEvent(Ljava/awt/AWTEvent;)Z+50 java.desktop@13.0.1
j  java.awt.Container.dispatchEventImpl(Ljava/awt/AWTEvent;)V+12 java.desktop@13.0.1
j  java.awt.Window.dispatchEventImpl(Ljava/awt/AWTEvent;)V+19 java.desktop@13.0.1
j  java.awt.Component.dispatchEvent(Ljava/awt/AWTEvent;)V+2 java.desktop@13.0.1
j  java.awt.EventQueue.dispatchEventImpl(Ljava/awt/AWTEvent;Ljava/lang/Object;)V+41 java.desktop@13.0.1
j  java.awt.EventQueue$4.run()Ljava/lang/Void;+32 java.desktop@13.0.1
j  java.awt.EventQueue$4.run()Ljava/lang/Object;+1 java.desktop@13.0.1
J 1035 c1 java.security.ProtectionDomain$JavaSecurityAccessImpl.doIntersectionPrivilege(Ljava/security/PrivilegedAction;Ljava/security/AccessControlContext;Ljava/security/AccessControlContext;)Ljava/lang/Object; java.base@13.0.1 (22 bytes) @ 0x000001c6999842a4 [0x000001c699983d80+0x0000000000000524]
J 1078 c1 java.awt.EventQueue.dispatchEvent(Ljava/awt/AWTEvent;)V java.desktop@13.0.1 (80 bytes) @ 0x000001c699997534 [0x000001c699996500+0x0000000000001034]
j  java.awt.EventDispatchThread.pumpOneEventForFilters(I)V+78 java.desktop@13.0.1
j  java.awt.EventDispatchThread.pumpEventsForFilter(ILjava/awt/Conditional;Ljava/awt/EventFilter;)V+35 java.desktop@13.0.1
j  java.awt.EventDispatchThread.pumpEventsForHierarchy(ILjava/awt/Conditional;Ljava/awt/Component;)V+11 java.desktop@13.0.1
j  java.awt.EventDispatchThread.pumpEvents(ILjava/awt/Conditional;)V+4 java.desktop@13.0.1
j  java.awt.EventDispatchThread.pumpEvents(Ljava/awt/Conditional;)V+3 java.desktop@13.0.1
j  java.awt.EventDispatchThread.run()V+9 java.desktop@13.0.1
v  ~StubRoutines::call_stub

siginfo: EXCEPTION_ACCESS_VIOLATION (0xc0000005), reading address 0xffffffffc09ddbc6


Register to memory mapping:

RIP=0x000000007110b5db jSSC-2.8_x86_64.dll
RAX=0xffffffffc09ddbc6 is an unknown value
RBX=0x000000af22afde60 is pointing into the stack for thread: 0x000001c6b5c4a800
RCX=0x00007ffed49fc2a4 ntdll.dll
RDX=0x0 is NULL
RSP=0x000000af22afddf0 is pointing into the stack for thread: 0x000001c6b5c4a800
RBP=0x000000af22afdf70 is pointing into the stack for thread: 0x000001c6b5c4a800
RSI=0x000001c6b5c4ab10 points into unknown readable memory: 50 e8 09 7d fe 7f 00 00
RDI=0x0000000000000750 is an unknown value
R8 =0x000000af22afdce8 is pointing into the stack for thread: 0x000001c6b5c4a800
R9 =0x000000af22afdde0 is pointing into the stack for thread: 0x000001c6b5c4a800
R10=0x0 is NULL
R11=0x0000000000000246 is an unknown value
R12=0x000000af22afe028 is pointing into the stack for thread: 0x000001c6b5c4a800
R13=0x000001c6bfb8cc40 points into unknown readable memory: 00 07 00 40 00 00 00 00
R14=0x000000af22afdf20 is pointing into the stack for thread: 0x000001c6b5c4a800
R15=0x000001c6b5c4a800 is a thread


Registers:
RAX=0xffffffffc09ddbc6, RBX=0x000000af22afde60, RCX=0x00007ffed49fc2a4, RDX=0x0000000000000000
RSP=0x000000af22afddf0, RBP=0x000000af22afdf70, RSI=0x000001c6b5c4ab10, RDI=0x0000000000000750
R8 =0x000000af22afdce8, R9 =0x000000af22afdde0, R10=0x0000000000000000, R11=0x0000000000000246
R12=0x000000af22afe028, R13=0x000001c6bfb8cc40, R14=0x000000af22afdf20, R15=0x000001c6b5c4a800
RIP=0x000000007110b5db, EFLAGS=0x0000000000010202

Top of Stack: (sp=0x000000af22afddf0)
0x000000af22afddf0:   000001c6bfb17a30 00000026d499fc11
0x000000af22afde00:   000000007110b230 000001c6bfb8c990
0x000000af22afde10:   000000af22afdf70 0000000000000004
0x000000af22afde20:   000001c6b5c4ab10 0000000000000750
0x000000af22afde30:   000000af22afdf70 0000000071112590
0x000000af22afde40:   000001c6b5c4a800 000000af22afdf20
0x000000af22afde50:   000001c6bfb8cc40 000000af22afe028
0x000000af22afde60:   000001c6bfb8cc40 00007ffed499fc11
0x000000af22afde70:   000000af22afdea0 000001c68eb60000
0x000000af22afde80:   000000af22afdf70 0000000000000000
0x000000af22afde90:   0000000071113500 0000000071113be8
0x000000af22afdea0:   000000af22afded0 0000000071112641
0x000000af22afdeb0:   000000af22afde40 000001c6b5c4ab10
0x000000af22afdec0:   0000000000000000 0000000000000000
0x000000af22afded0:   000000af22afdf70 0000000071101595
0x000000af22afdee0:   000000000000001c 000001c600000000 

Instructions: (pc=0x000000007110b5db)
0x000000007110b4db:   48 85 c0 74 bf 44 8b 03 45 85 c0 0f 84 77 ff ff
0x000000007110b4eb:   ff eb 9f 66 90 e8 8b fe ff ff 48 89 05 0c 34 01
0x000000007110b4fb:   00 eb ad 66 90 e8 7b fe ff ff 48 89 05 fc 33 01
0x000000007110b50b:   00 eb 8b e8 8d fe ff ff c7 03 01 00 00 00 e9 6f
0x000000007110b51b:   ff ff ff 66 90 55 48 89 e5 56 53 48 83 ec 20 48
0x000000007110b52b:   8b 05 d7 33 01 00 48 8b 31 48 89 cb 48 85 c0 74
0x000000007110b53b:   56 44 8b 18 45 85 db 78 42 48 8b 05 bd 33 01 00
0x000000007110b54b:   48 85 c0 74 50 44 8b 10 45 85 d2 74 1d 48 89 f1
0x000000007110b55b:   e8 d0 fd ff ff 48 8b 13 48 8d 42 40 48 8b 48 08
0x000000007110b56b:   48 8b 6a 40 48 8b 60 10 ff e1 48 8b 05 9c 33 01
0x000000007110b57b:   00 48 85 c0 74 2d 48 89 30 eb da e8 b5 fe ff ff
0x000000007110b58b:   0f 1f 44 00 00 eb b2 e8 e9 fd ff ff 48 89 05 6a
0x000000007110b59b:   33 01 00 eb 9c e8 db fd ff ff 48 89 05 5c 33 01
0x000000007110b5ab:   00 eb a2 e8 3d fd ff ff 48 89 05 5e 33 01 00 eb
0x000000007110b5bb:   c5 0f 1f 40 00 55 57 56 53 48 83 ec 28 48 8b 05
0x000000007110b5cb:   39 33 01 00 48 89 cb 48 85 c0 0f 84 c5 00 00 00
0x000000007110b5db:   8b 38 85 ff 0f 88 ab 00 00 00 48 8b 05 1c 33 01
0x000000007110b5eb:   00 48 85 c0 0f 84 bc 00 00 00 8b 30 85 f6 74 57
0x000000007110b5fb:   48 8b 05 0e 33 01 00 48 85 c0 0f 84 e5 00 00 00
0x000000007110b60b:   8b 28 48 8b 35 10 5e 01 00 ff d6 89 c7 89 e9 ff
0x000000007110b61b:   15 f4 5e 01 00 89 f9 48 89 c5 ff 15 b9 5e 01 00
0x000000007110b62b:   48 8b 05 de 32 01 00 48 89 2b 48 85 c0 74 46 48
0x000000007110b63b:   89 da 8b 08 ff 15 d7 5e 01 00 85 c0 74 27 48 83
0x000000007110b64b:   c4 28 5b 5e 5f 5d c3 48 8b 05 bf 32 01 00 48 85
0x000000007110b65b:   c0 74 64 48 8b 10 48 89 13 48 89 18 48 83 c4 28
0x000000007110b66b:   5b 5e 5f 5d c3 48 89 f2 48 83 c4 28 5b 5e 5f 5d
0x000000007110b67b:   48 ff e2 66 90 e8 8b fc ff ff 48 89 05 84 32 01
0x000000007110b68b:   00 eb ac 66 90 e8 ab fd ff ff e9 4b ff ff ff 66
0x000000007110b69b:   0f 1f 44 00 00 e8 db fc ff ff 48 89 05 5c 32 01
0x000000007110b6ab:   00 e9 2a ff ff ff e8 ca fc ff ff 48 89 05 4b 32
0x000000007110b6bb:   01 00 e9 33 ff ff ff e8 29 fc ff ff 48 89 05 4a
0x000000007110b6cb:   32 01 00 48 8b 10 48 85 c0 48 89 13 75 8b e8 12 


Stack slot to memory mapping:
stack at sp + 0 slots: 0x000001c6bfb17a30 points into unknown readable memory: c0 15 c6 8e c6 01 00 00
stack at sp + 1 slots: 0x00000026d499fc11 is an unknown value
stack at sp + 2 slots: 0x000000007110b230 jSSC-2.8_x86_64.dll
stack at sp + 3 slots: 0x000001c6bfb8c990 points into unknown readable memory: 30 7a b1 bf c6 01 00 00
stack at sp + 4 slots: 0x000000af22afdf70 is pointing into the stack for thread: 0x000001c6b5c4a800
stack at sp + 5 slots: 0x0000000000000004 is an unknown value
stack at sp + 6 slots: 0x000001c6b5c4ab10 points into unknown readable memory: 50 e8 09 7d fe 7f 00 00
stack at sp + 7 slots: 0x0000000000000750 is an unknown value


---------------  P R O C E S S  ---------------

Threads class SMR info:
_java_thread_list=0x000001c6bf9c5070, length=15, elements={
0x000001c6b4dbe000, 0x000001c6b4dc1000, 0x000001c6b5660800, 0x000001c6b5661800,
0x000001c6b5662800, 0x000001c6b566c000, 0x000001c6b5691800, 0x000001c6b57ae000,
0x000001c6b5830000, 0x000001c6b5b11000, 0x000001c6b5b20000, 0x000001c6b5b4d800,
0x000001c6b5c4a800, 0x000001c68ec5e000, 0x000001c6bf99f800
}

Java Threads: ( => current thread )
  0x000001c6b4dbe000 JavaThread "Reference Handler" daemon [_thread_blocked, id=4012, stack(0x000000af21d00000,0x000000af21e00000)]
  0x000001c6b4dc1000 JavaThread "Finalizer" daemon [_thread_blocked, id=19908, stack(0x000000af21e00000,0x000000af21f00000)]
  0x000001c6b5660800 JavaThread "Signal Dispatcher" daemon [_thread_blocked, id=20264, stack(0x000000af21f00000,0x000000af22000000)]
  0x000001c6b5661800 JavaThread "Attach Listener" daemon [_thread_blocked, id=14036, stack(0x000000af22000000,0x000000af22100000)]
  0x000001c6b5662800 JavaThread "C2 CompilerThread0" daemon [_thread_blocked, id=19084, stack(0x000000af22100000,0x000000af22200000)]
  0x000001c6b566c000 JavaThread "C1 CompilerThread0" daemon [_thread_blocked, id=18764, stack(0x000000af22200000,0x000000af22300000)]
  0x000001c6b5691800 JavaThread "Sweeper thread" daemon [_thread_blocked, id=7740, stack(0x000000af22300000,0x000000af22400000)]
  0x000001c6b57ae000 JavaThread "Common-Cleaner" daemon [_thread_blocked, id=19984, stack(0x000000af22400000,0x000000af22500000)]
  0x000001c6b5830000 JavaThread "Service Thread" daemon [_thread_blocked, id=18484, stack(0x000000af22500000,0x000000af22600000)]
  0x000001c6b5b11000 JavaThread "Java2D Disposer" daemon [_thread_blocked, id=19592, stack(0x000000af22700000,0x000000af22800000)]
  0x000001c6b5b20000 JavaThread "AWT-Shutdown" [_thread_blocked, id=17680, stack(0x000000af22800000,0x000000af22900000)]
  0x000001c6b5b4d800 JavaThread "AWT-Windows" daemon [_thread_in_native, id=11444, stack(0x000000af22900000,0x000000af22a00000)]
=>0x000001c6b5c4a800 JavaThread "AWT-EventQueue-0" [_thread_in_native, id=17740, stack(0x000000af22a00000,0x000000af22b00000)]
  0x000001c68ec5e000 JavaThread "DestroyJavaVM" [_thread_blocked, id=14488, stack(0x000000af21600000,0x000000af21700000)]
  0x000001c6bf99f800 JavaThread "D3D Screen Updater" daemon [_thread_blocked, id=14228, stack(0x000000af22f00000,0x000000af23000000)]

Other Threads:
  0x000001c6b4dbc800 VMThread "VM Thread" [stack: 0x000000af21c00000,0x000000af21d00000] [id=13804]
  0x000001c6b5830800 WatcherThread [stack: 0x000000af22600000,0x000000af22700000] [id=18080]
  0x000001c690d9b000 GCTaskThread "GC Thread#0" [stack: 0x000000af21700000,0x000000af21800000] [id=16648]
  0x000001c690dbf000 ConcurrentGCThread "G1 Main Marker" [stack: 0x000000af21800000,0x000000af21900000] [id=16388]
  0x000001c690dc0000 ConcurrentGCThread "G1 Conc#0" [stack: 0x000000af21900000,0x000000af21a00000] [id=17996]
  0x000001c6b4cba800 ConcurrentGCThread "G1 Refine#0" [stack: 0x000000af21a00000,0x000000af21b00000] [id=14528]
  0x000001c6b4cbc000 ConcurrentGCThread "G1 Young RemSet Sampling" [stack: 0x000000af21b00000,0x000000af21c00000] [id=15968]

Threads with active compile tasks:

VM state:not at safepoint (normal execution)

VM Mutex/Monitor currently owned by a thread: None

Heap address: 0x0000000701000000, size: 4080 MB, Compressed Oops mode: Zero based, Oop shift amount: 3
Narrow klass base: 0x0000000800000000, Narrow klass shift: 3
Compressed class space size: 1073741824 Address: 0x0000000800b40000

Heap:
 garbage-first heap   total 262144K, used 7168K [0x0000000701000000, 0x0000000800000000)
  region size 1024K, 8 young (8192K), 0 survivors (0K)
 Metaspace       used 11238K, capacity 11520K, committed 11776K, reserved 1058816K
  class space    used 1353K, capacity 1485K, committed 1536K, reserved 1048576K
Heap Regions: E=young(eden), S=young(survivor), O=old, HS=humongous(starts), HC=humongous(continues), CS=collection set, F=free, A=archive, TAMS=top-at-mark-start (previous, next)
|   0|0x0000000701000000, 0x0000000701000000, 0x0000000701100000|  0%| F|  |TAMS 0x0000000701000000, 0x0000000701000000| Untracked 
|   1|0x0000000701100000, 0x0000000701100000, 0x0000000701200000|  0%| F|  |TAMS 0x0000000701100000, 0x0000000701100000| Untracked 
|   2|0x0000000701200000, 0x0000000701200000, 0x0000000701300000|  0%| F|  |TAMS 0x0000000701200000, 0x0000000701200000| Untracked 
|   3|0x0000000701300000, 0x0000000701300000, 0x0000000701400000|  0%| F|  |TAMS 0x0000000701300000, 0x0000000701300000| Untracked 
|   4|0x0000000701400000, 0x0000000701400000, 0x0000000701500000|  0%| F|  |TAMS 0x0000000701400000, 0x0000000701400000| Untracked 
|   5|0x0000000701500000, 0x0000000701500000, 0x0000000701600000|  0%| F|  |TAMS 0x0000000701500000, 0x0000000701500000| Untracked 
|   6|0x0000000701600000, 0x0000000701600000, 0x0000000701700000|  0%| F|  |TAMS 0x0000000701600000, 0x0000000701600000| Untracked 
|   7|0x0000000701700000, 0x0000000701700000, 0x0000000701800000|  0%| F|  |TAMS 0x0000000701700000, 0x0000000701700000| Untracked 
|   8|0x0000000701800000, 0x0000000701800000, 0x0000000701900000|  0%| F|  |TAMS 0x0000000701800000, 0x0000000701800000| Untracked 
|   9|0x0000000701900000, 0x0000000701900000, 0x0000000701a00000|  0%| F|  |TAMS 0x0000000701900000, 0x0000000701900000| Untracked 
|  10|0x0000000701a00000, 0x0000000701a00000, 0x0000000701b00000|  0%| F|  |TAMS 0x0000000701a00000, 0x0000000701a00000| Untracked 
|  11|0x0000000701b00000, 0x0000000701b00000, 0x0000000701c00000|  0%| F|  |TAMS 0x0000000701b00000, 0x0000000701b00000| Untracked 
|  12|0x0000000701c00000, 0x0000000701c00000, 0x0000000701d00000|  0%| F|  |TAMS 0x0000000701c00000, 0x0000000701c00000| Untracked 
|  13|0x0000000701d00000, 0x0000000701d00000, 0x0000000701e00000|  0%| F|  |TAMS 0x0000000701d00000, 0x0000000701d00000| Untracked 
|  14|0x0000000701e00000, 0x0000000701e00000, 0x0000000701f00000|  0%| F|  |TAMS 0x0000000701e00000, 0x0000000701e00000| Untracked 
|  15|0x0000000701f00000, 0x0000000701f00000, 0x0000000702000000|  0%| F|  |TAMS 0x0000000701f00000, 0x0000000701f00000| Untracked 
|  16|0x0000000702000000, 0x0000000702000000, 0x0000000702100000|  0%| F|  |TAMS 0x0000000702000000, 0x0000000702000000| Untracked 
|  17|0x0000000702100000, 0x0000000702100000, 0x0000000702200000|  0%| F|  |TAMS 0x0000000702100000, 0x0000000702100000| Untracked 
|  18|0x0000000702200000, 0x0000000702200000, 0x0000000702300000|  0%| F|  |TAMS 0x0000000702200000, 0x0000000702200000| Untracked 
|  19|0x0000000702300000, 0x0000000702300000, 0x0000000702400000|  0%| F|  |TAMS 0x0000000702300000, 0x0000000702300000| Untracked 
|  20|0x0000000702400000, 0x0000000702400000, 0x0000000702500000|  0%| F|  |TAMS 0x0000000702400000, 0x0000000702400000| Untracked 
|  21|0x0000000702500000, 0x0000000702500000, 0x0000000702600000|  0%| F|  |TAMS 0x0000000702500000, 0x0000000702500000| Untracked 
|  22|0x0000000702600000, 0x0000000702600000, 0x0000000702700000|  0%| F|  |TAMS 0x0000000702600000, 0x0000000702600000| Untracked 
|  23|0x0000000702700000, 0x0000000702700000, 0x0000000702800000|  0%| F|  |TAMS 0x0000000702700000, 0x0000000702700000| Untracked 
|  24|0x0000000702800000, 0x0000000702800000, 0x0000000702900000|  0%| F|  |TAMS 0x0000000702800000, 0x0000000702800000| Untracked 
|  25|0x0000000702900000, 0x0000000702900000, 0x0000000702a00000|  0%| F|  |TAMS 0x0000000702900000, 0x0000000702900000| Untracked 
|  26|0x0000000702a00000, 0x0000000702a00000, 0x0000000702b00000|  0%| F|  |TAMS 0x0000000702a00000, 0x0000000702a00000| Untracked 
|  27|0x0000000702b00000, 0x0000000702b00000, 0x0000000702c00000|  0%| F|  |TAMS 0x0000000702b00000, 0x0000000702b00000| Untracked 
|  28|0x0000000702c00000, 0x0000000702c00000, 0x0000000702d00000|  0%| F|  |TAMS 0x0000000702c00000, 0x0000000702c00000| Untracked 
|  29|0x0000000702d00000, 0x0000000702d00000, 0x0000000702e00000|  0%| F|  |TAMS 0x0000000702d00000, 0x0000000702d00000| Untracked 
|  30|0x0000000702e00000, 0x0000000702e00000, 0x0000000702f00000|  0%| F|  |TAMS 0x0000000702e00000, 0x0000000702e00000| Untracked 
|  31|0x0000000702f00000, 0x0000000702f00000, 0x0000000703000000|  0%| F|  |TAMS 0x0000000702f00000, 0x0000000702f00000| Untracked 
|  32|0x0000000703000000, 0x0000000703000000, 0x0000000703100000|  0%| F|  |TAMS 0x0000000703000000, 0x0000000703000000| Untracked 
|  33|0x0000000703100000, 0x0000000703100000, 0x0000000703200000|  0%| F|  |TAMS 0x0000000703100000, 0x0000000703100000| Untracked 
|  34|0x0000000703200000, 0x0000000703200000, 0x0000000703300000|  0%| F|  |TAMS 0x0000000703200000, 0x0000000703200000| Untracked 
|  35|0x0000000703300000, 0x0000000703300000, 0x0000000703400000|  0%| F|  |TAMS 0x0000000703300000, 0x0000000703300000| Untracked 
|  36|0x0000000703400000, 0x0000000703400000, 0x0000000703500000|  0%| F|  |TAMS 0x0000000703400000, 0x0000000703400000| Untracked 
|  37|0x0000000703500000, 0x0000000703500000, 0x0000000703600000|  0%| F|  |TAMS 0x0000000703500000, 0x0000000703500000| Untracked 
|  38|0x0000000703600000, 0x0000000703600000, 0x0000000703700000|  0%| F|  |TAMS 0x0000000703600000, 0x0000000703600000| Untracked 
|  39|0x0000000703700000, 0x0000000703700000, 0x0000000703800000|  0%| F|  |TAMS 0x0000000703700000, 0x0000000703700000| Untracked 
|  40|0x0000000703800000, 0x0000000703800000, 0x0000000703900000|  0%| F|  |TAMS 0x0000000703800000, 0x0000000703800000| Untracked 
|  41|0x0000000703900000, 0x0000000703900000, 0x0000000703a00000|  0%| F|  |TAMS 0x0000000703900000, 0x0000000703900000| Untracked 
|  42|0x0000000703a00000, 0x0000000703a00000, 0x0000000703b00000|  0%| F|  |TAMS 0x0000000703a00000, 0x0000000703a00000| Untracked 
|  43|0x0000000703b00000, 0x0000000703b00000, 0x0000000703c00000|  0%| F|  |TAMS 0x0000000703b00000, 0x0000000703b00000| Untracked 
|  44|0x0000000703c00000, 0x0000000703c00000, 0x0000000703d00000|  0%| F|  |TAMS 0x0000000703c00000, 0x0000000703c00000| Untracked 
|  45|0x0000000703d00000, 0x0000000703d00000, 0x0000000703e00000|  0%| F|  |TAMS 0x0000000703d00000, 0x0000000703d00000| Untracked 
|  46|0x0000000703e00000, 0x0000000703e00000, 0x0000000703f00000|  0%| F|  |TAMS 0x0000000703e00000, 0x0000000703e00000| Untracked 
|  47|0x0000000703f00000, 0x0000000703f00000, 0x0000000704000000|  0%| F|  |TAMS 0x0000000703f00000, 0x0000000703f00000| Untracked 
|  48|0x0000000704000000, 0x0000000704000000, 0x0000000704100000|  0%| F|  |TAMS 0x0000000704000000, 0x0000000704000000| Untracked 
|  49|0x0000000704100000, 0x0000000704100000, 0x0000000704200000|  0%| F|  |TAMS 0x0000000704100000, 0x0000000704100000| Untracked 
|  50|0x0000000704200000, 0x0000000704200000, 0x0000000704300000|  0%| F|  |TAMS 0x0000000704200000, 0x0000000704200000| Untracked 
|  51|0x0000000704300000, 0x0000000704300000, 0x0000000704400000|  0%| F|  |TAMS 0x0000000704300000, 0x0000000704300000| Untracked 
|  52|0x0000000704400000, 0x0000000704400000, 0x0000000704500000|  0%| F|  |TAMS 0x0000000704400000, 0x0000000704400000| Untracked 
|  53|0x0000000704500000, 0x0000000704500000, 0x0000000704600000|  0%| F|  |TAMS 0x0000000704500000, 0x0000000704500000| Untracked 
|  54|0x0000000704600000, 0x0000000704600000, 0x0000000704700000|  0%| F|  |TAMS 0x0000000704600000, 0x0000000704600000| Untracked 
|  55|0x0000000704700000, 0x0000000704700000, 0x0000000704800000|  0%| F|  |TAMS 0x0000000704700000, 0x0000000704700000| Untracked 
|  56|0x0000000704800000, 0x0000000704800000, 0x0000000704900000|  0%| F|  |TAMS 0x0000000704800000, 0x0000000704800000| Untracked 
|  57|0x0000000704900000, 0x0000000704900000, 0x0000000704a00000|  0%| F|  |TAMS 0x0000000704900000, 0x0000000704900000| Untracked 
|  58|0x0000000704a00000, 0x0000000704a00000, 0x0000000704b00000|  0%| F|  |TAMS 0x0000000704a00000, 0x0000000704a00000| Untracked 
|  59|0x0000000704b00000, 0x0000000704b00000, 0x0000000704c00000|  0%| F|  |TAMS 0x0000000704b00000, 0x0000000704b00000| Untracked 
|  60|0x0000000704c00000, 0x0000000704c00000, 0x0000000704d00000|  0%| F|  |TAMS 0x0000000704c00000, 0x0000000704c00000| Untracked 
|  61|0x0000000704d00000, 0x0000000704d00000, 0x0000000704e00000|  0%| F|  |TAMS 0x0000000704d00000, 0x0000000704d00000| Untracked 
|  62|0x0000000704e00000, 0x0000000704e00000, 0x0000000704f00000|  0%| F|  |TAMS 0x0000000704e00000, 0x0000000704e00000| Untracked 
|  63|0x0000000704f00000, 0x0000000704f00000, 0x0000000705000000|  0%| F|  |TAMS 0x0000000704f00000, 0x0000000704f00000| Untracked 
|  64|0x0000000705000000, 0x0000000705000000, 0x0000000705100000|  0%| F|  |TAMS 0x0000000705000000, 0x0000000705000000| Untracked 
|  65|0x0000000705100000, 0x0000000705100000, 0x0000000705200000|  0%| F|  |TAMS 0x0000000705100000, 0x0000000705100000| Untracked 
|  66|0x0000000705200000, 0x0000000705200000, 0x0000000705300000|  0%| F|  |TAMS 0x0000000705200000, 0x0000000705200000| Untracked 
|  67|0x0000000705300000, 0x0000000705300000, 0x0000000705400000|  0%| F|  |TAMS 0x0000000705300000, 0x0000000705300000| Untracked 
|  68|0x0000000705400000, 0x0000000705400000, 0x0000000705500000|  0%| F|  |TAMS 0x0000000705400000, 0x0000000705400000| Untracked 
|  69|0x0000000705500000, 0x0000000705500000, 0x0000000705600000|  0%| F|  |TAMS 0x0000000705500000, 0x0000000705500000| Untracked 
|  70|0x0000000705600000, 0x0000000705600000, 0x0000000705700000|  0%| F|  |TAMS 0x0000000705600000, 0x0000000705600000| Untracked 
|  71|0x0000000705700000, 0x0000000705700000, 0x0000000705800000|  0%| F|  |TAMS 0x0000000705700000, 0x0000000705700000| Untracked 
|  72|0x0000000705800000, 0x0000000705800000, 0x0000000705900000|  0%| F|  |TAMS 0x0000000705800000, 0x0000000705800000| Untracked 
|  73|0x0000000705900000, 0x0000000705900000, 0x0000000705a00000|  0%| F|  |TAMS 0x0000000705900000, 0x0000000705900000| Untracked 
|  74|0x0000000705a00000, 0x0000000705a00000, 0x0000000705b00000|  0%| F|  |TAMS 0x0000000705a00000, 0x0000000705a00000| Untracked 
|  75|0x0000000705b00000, 0x0000000705b00000, 0x0000000705c00000|  0%| F|  |TAMS 0x0000000705b00000, 0x0000000705b00000| Untracked 
|  76|0x0000000705c00000, 0x0000000705c00000, 0x0000000705d00000|  0%| F|  |TAMS 0x0000000705c00000, 0x0000000705c00000| Untracked 
|  77|0x0000000705d00000, 0x0000000705d00000, 0x0000000705e00000|  0%| F|  |TAMS 0x0000000705d00000, 0x0000000705d00000| Untracked 
|  78|0x0000000705e00000, 0x0000000705e00000, 0x0000000705f00000|  0%| F|  |TAMS 0x0000000705e00000, 0x0000000705e00000| Untracked 
|  79|0x0000000705f00000, 0x0000000705f00000, 0x0000000706000000|  0%| F|  |TAMS 0x0000000705f00000, 0x0000000705f00000| Untracked 
|  80|0x0000000706000000, 0x0000000706000000, 0x0000000706100000|  0%| F|  |TAMS 0x0000000706000000, 0x0000000706000000| Untracked 
|  81|0x0000000706100000, 0x0000000706100000, 0x0000000706200000|  0%| F|  |TAMS 0x0000000706100000, 0x0000000706100000| Untracked 
|  82|0x0000000706200000, 0x0000000706200000, 0x0000000706300000|  0%| F|  |TAMS 0x0000000706200000, 0x0000000706200000| Untracked 
|  83|0x0000000706300000, 0x0000000706300000, 0x0000000706400000|  0%| F|  |TAMS 0x0000000706300000, 0x0000000706300000| Untracked 
|  84|0x0000000706400000, 0x0000000706400000, 0x0000000706500000|  0%| F|  |TAMS 0x0000000706400000, 0x0000000706400000| Untracked 
|  85|0x0000000706500000, 0x0000000706500000, 0x0000000706600000|  0%| F|  |TAMS 0x0000000706500000, 0x0000000706500000| Untracked 
|  86|0x0000000706600000, 0x0000000706600000, 0x0000000706700000|  0%| F|  |TAMS 0x0000000706600000, 0x0000000706600000| Untracked 
|  87|0x0000000706700000, 0x0000000706700000, 0x0000000706800000|  0%| F|  |TAMS 0x0000000706700000, 0x0000000706700000| Untracked 
|  88|0x0000000706800000, 0x0000000706800000, 0x0000000706900000|  0%| F|  |TAMS 0x0000000706800000, 0x0000000706800000| Untracked 
|  89|0x0000000706900000, 0x0000000706900000, 0x0000000706a00000|  0%| F|  |TAMS 0x0000000706900000, 0x0000000706900000| Untracked 
|  90|0x0000000706a00000, 0x0000000706a00000, 0x0000000706b00000|  0%| F|  |TAMS 0x0000000706a00000, 0x0000000706a00000| Untracked 
|  91|0x0000000706b00000, 0x0000000706b00000, 0x0000000706c00000|  0%| F|  |TAMS 0x0000000706b00000, 0x0000000706b00000| Untracked 
|  92|0x0000000706c00000, 0x0000000706c00000, 0x0000000706d00000|  0%| F|  |TAMS 0x0000000706c00000, 0x0000000706c00000| Untracked 
|  93|0x0000000706d00000, 0x0000000706d00000, 0x0000000706e00000|  0%| F|  |TAMS 0x0000000706d00000, 0x0000000706d00000| Untracked 
|  94|0x0000000706e00000, 0x0000000706e00000, 0x0000000706f00000|  0%| F|  |TAMS 0x0000000706e00000, 0x0000000706e00000| Untracked 
|  95|0x0000000706f00000, 0x0000000706f00000, 0x0000000707000000|  0%| F|  |TAMS 0x0000000706f00000, 0x0000000706f00000| Untracked 
|  96|0x0000000707000000, 0x0000000707000000, 0x0000000707100000|  0%| F|  |TAMS 0x0000000707000000, 0x0000000707000000| Untracked 
|  97|0x0000000707100000, 0x0000000707100000, 0x0000000707200000|  0%| F|  |TAMS 0x0000000707100000, 0x0000000707100000| Untracked 
|  98|0x0000000707200000, 0x0000000707200000, 0x0000000707300000|  0%| F|  |TAMS 0x0000000707200000, 0x0000000707200000| Untracked 
|  99|0x0000000707300000, 0x0000000707300000, 0x0000000707400000|  0%| F|  |TAMS 0x0000000707300000, 0x0000000707300000| Untracked 
| 100|0x0000000707400000, 0x0000000707400000, 0x0000000707500000|  0%| F|  |TAMS 0x0000000707400000, 0x0000000707400000| Untracked 
| 101|0x0000000707500000, 0x0000000707500000, 0x0000000707600000|  0%| F|  |TAMS 0x0000000707500000, 0x0000000707500000| Untracked 
| 102|0x0000000707600000, 0x0000000707600000, 0x0000000707700000|  0%| F|  |TAMS 0x0000000707600000, 0x0000000707600000| Untracked 
| 103|0x0000000707700000, 0x0000000707700000, 0x0000000707800000|  0%| F|  |TAMS 0x0000000707700000, 0x0000000707700000| Untracked 
| 104|0x0000000707800000, 0x0000000707800000, 0x0000000707900000|  0%| F|  |TAMS 0x0000000707800000, 0x0000000707800000| Untracked 
| 105|0x0000000707900000, 0x0000000707900000, 0x0000000707a00000|  0%| F|  |TAMS 0x0000000707900000, 0x0000000707900000| Untracked 
| 106|0x0000000707a00000, 0x0000000707a00000, 0x0000000707b00000|  0%| F|  |TAMS 0x0000000707a00000, 0x0000000707a00000| Untracked 
| 107|0x0000000707b00000, 0x0000000707b00000, 0x0000000707c00000|  0%| F|  |TAMS 0x0000000707b00000, 0x0000000707b00000| Untracked 
| 108|0x0000000707c00000, 0x0000000707c00000, 0x0000000707d00000|  0%| F|  |TAMS 0x0000000707c00000, 0x0000000707c00000| Untracked 
| 109|0x0000000707d00000, 0x0000000707d00000, 0x0000000707e00000|  0%| F|  |TAMS 0x0000000707d00000, 0x0000000707d00000| Untracked 
| 110|0x0000000707e00000, 0x0000000707e00000, 0x0000000707f00000|  0%| F|  |TAMS 0x0000000707e00000, 0x0000000707e00000| Untracked 
| 111|0x0000000707f00000, 0x0000000707f00000, 0x0000000708000000|  0%| F|  |TAMS 0x0000000707f00000, 0x0000000707f00000| Untracked 
| 112|0x0000000708000000, 0x0000000708000000, 0x0000000708100000|  0%| F|  |TAMS 0x0000000708000000, 0x0000000708000000| Untracked 
| 113|0x0000000708100000, 0x0000000708100000, 0x0000000708200000|  0%| F|  |TAMS 0x0000000708100000, 0x0000000708100000| Untracked 
| 114|0x0000000708200000, 0x0000000708200000, 0x0000000708300000|  0%| F|  |TAMS 0x0000000708200000, 0x0000000708200000| Untracked 
| 115|0x0000000708300000, 0x0000000708300000, 0x0000000708400000|  0%| F|  |TAMS 0x0000000708300000, 0x0000000708300000| Untracked 
| 116|0x0000000708400000, 0x0000000708400000, 0x0000000708500000|  0%| F|  |TAMS 0x0000000708400000, 0x0000000708400000| Untracked 
| 117|0x0000000708500000, 0x0000000708500000, 0x0000000708600000|  0%| F|  |TAMS 0x0000000708500000, 0x0000000708500000| Untracked 
| 118|0x0000000708600000, 0x0000000708600000, 0x0000000708700000|  0%| F|  |TAMS 0x0000000708600000, 0x0000000708600000| Untracked 
| 119|0x0000000708700000, 0x0000000708700000, 0x0000000708800000|  0%| F|  |TAMS 0x0000000708700000, 0x0000000708700000| Untracked 
| 120|0x0000000708800000, 0x0000000708800000, 0x0000000708900000|  0%| F|  |TAMS 0x0000000708800000, 0x0000000708800000| Untracked 
| 121|0x0000000708900000, 0x0000000708900000, 0x0000000708a00000|  0%| F|  |TAMS 0x0000000708900000, 0x0000000708900000| Untracked 
| 122|0x0000000708a00000, 0x0000000708a00000, 0x0000000708b00000|  0%| F|  |TAMS 0x0000000708a00000, 0x0000000708a00000| Untracked 
| 123|0x0000000708b00000, 0x0000000708b00000, 0x0000000708c00000|  0%| F|  |TAMS 0x0000000708b00000, 0x0000000708b00000| Untracked 
| 124|0x0000000708c00000, 0x0000000708c00000, 0x0000000708d00000|  0%| F|  |TAMS 0x0000000708c00000, 0x0000000708c00000| Untracked 
| 125|0x0000000708d00000, 0x0000000708d00000, 0x0000000708e00000|  0%| F|  |TAMS 0x0000000708d00000, 0x0000000708d00000| Untracked 
| 126|0x0000000708e00000, 0x0000000708e00000, 0x0000000708f00000|  0%| F|  |TAMS 0x0000000708e00000, 0x0000000708e00000| Untracked 
| 127|0x0000000708f00000, 0x0000000708f00000, 0x0000000709000000|  0%| F|  |TAMS 0x0000000708f00000, 0x0000000708f00000| Untracked 
| 128|0x0000000709000000, 0x0000000709000000, 0x0000000709100000|  0%| F|  |TAMS 0x0000000709000000, 0x0000000709000000| Untracked 
| 129|0x0000000709100000, 0x0000000709100000, 0x0000000709200000|  0%| F|  |TAMS 0x0000000709100000, 0x0000000709100000| Untracked 
| 130|0x0000000709200000, 0x0000000709200000, 0x0000000709300000|  0%| F|  |TAMS 0x0000000709200000, 0x0000000709200000| Untracked 
| 131|0x0000000709300000, 0x0000000709300000, 0x0000000709400000|  0%| F|  |TAMS 0x0000000709300000, 0x0000000709300000| Untracked 
| 132|0x0000000709400000, 0x0000000709400000, 0x0000000709500000|  0%| F|  |TAMS 0x0000000709400000, 0x0000000709400000| Untracked 
| 133|0x0000000709500000, 0x0000000709500000, 0x0000000709600000|  0%| F|  |TAMS 0x0000000709500000, 0x0000000709500000| Untracked 
| 134|0x0000000709600000, 0x0000000709600000, 0x0000000709700000|  0%| F|  |TAMS 0x0000000709600000, 0x0000000709600000| Untracked 
| 135|0x0000000709700000, 0x0000000709700000, 0x0000000709800000|  0%| F|  |TAMS 0x0000000709700000, 0x0000000709700000| Untracked 
| 136|0x0000000709800000, 0x0000000709800000, 0x0000000709900000|  0%| F|  |TAMS 0x0000000709800000, 0x0000000709800000| Untracked 
| 137|0x0000000709900000, 0x0000000709900000, 0x0000000709a00000|  0%| F|  |TAMS 0x0000000709900000, 0x0000000709900000| Untracked 
| 138|0x0000000709a00000, 0x0000000709a00000, 0x0000000709b00000|  0%| F|  |TAMS 0x0000000709a00000, 0x0000000709a00000| Untracked 
| 139|0x0000000709b00000, 0x0000000709b00000, 0x0000000709c00000|  0%| F|  |TAMS 0x0000000709b00000, 0x0000000709b00000| Untracked 
| 140|0x0000000709c00000, 0x0000000709c00000, 0x0000000709d00000|  0%| F|  |TAMS 0x0000000709c00000, 0x0000000709c00000| Untracked 
| 141|0x0000000709d00000, 0x0000000709d00000, 0x0000000709e00000|  0%| F|  |TAMS 0x0000000709d00000, 0x0000000709d00000| Untracked 
| 142|0x0000000709e00000, 0x0000000709e00000, 0x0000000709f00000|  0%| F|  |TAMS 0x0000000709e00000, 0x0000000709e00000| Untracked 
| 143|0x0000000709f00000, 0x0000000709f00000, 0x000000070a000000|  0%| F|  |TAMS 0x0000000709f00000, 0x0000000709f00000| Untracked 
| 144|0x000000070a000000, 0x000000070a000000, 0x000000070a100000|  0%| F|  |TAMS 0x000000070a000000, 0x000000070a000000| Untracked 
| 145|0x000000070a100000, 0x000000070a100000, 0x000000070a200000|  0%| F|  |TAMS 0x000000070a100000, 0x000000070a100000| Untracked 
| 146|0x000000070a200000, 0x000000070a200000, 0x000000070a300000|  0%| F|  |TAMS 0x000000070a200000, 0x000000070a200000| Untracked 
| 147|0x000000070a300000, 0x000000070a300000, 0x000000070a400000|  0%| F|  |TAMS 0x000000070a300000, 0x000000070a300000| Untracked 
| 148|0x000000070a400000, 0x000000070a400000, 0x000000070a500000|  0%| F|  |TAMS 0x000000070a400000, 0x000000070a400000| Untracked 
| 149|0x000000070a500000, 0x000000070a500000, 0x000000070a600000|  0%| F|  |TAMS 0x000000070a500000, 0x000000070a500000| Untracked 
| 150|0x000000070a600000, 0x000000070a600000, 0x000000070a700000|  0%| F|  |TAMS 0x000000070a600000, 0x000000070a600000| Untracked 
| 151|0x000000070a700000, 0x000000070a700000, 0x000000070a800000|  0%| F|  |TAMS 0x000000070a700000, 0x000000070a700000| Untracked 
| 152|0x000000070a800000, 0x000000070a800000, 0x000000070a900000|  0%| F|  |TAMS 0x000000070a800000, 0x000000070a800000| Untracked 
| 153|0x000000070a900000, 0x000000070a900000, 0x000000070aa00000|  0%| F|  |TAMS 0x000000070a900000, 0x000000070a900000| Untracked 
| 154|0x000000070aa00000, 0x000000070aa00000, 0x000000070ab00000|  0%| F|  |TAMS 0x000000070aa00000, 0x000000070aa00000| Untracked 
| 155|0x000000070ab00000, 0x000000070ab00000, 0x000000070ac00000|  0%| F|  |TAMS 0x000000070ab00000, 0x000000070ab00000| Untracked 
| 156|0x000000070ac00000, 0x000000070ac00000, 0x000000070ad00000|  0%| F|  |TAMS 0x000000070ac00000, 0x000000070ac00000| Untracked 
| 157|0x000000070ad00000, 0x000000070ad00000, 0x000000070ae00000|  0%| F|  |TAMS 0x000000070ad00000, 0x000000070ad00000| Untracked 
| 158|0x000000070ae00000, 0x000000070ae00000, 0x000000070af00000|  0%| F|  |TAMS 0x000000070ae00000, 0x000000070ae00000| Untracked 
| 159|0x000000070af00000, 0x000000070af00000, 0x000000070b000000|  0%| F|  |TAMS 0x000000070af00000, 0x000000070af00000| Untracked 
| 160|0x000000070b000000, 0x000000070b000000, 0x000000070b100000|  0%| F|  |TAMS 0x000000070b000000, 0x000000070b000000| Untracked 
| 161|0x000000070b100000, 0x000000070b100000, 0x000000070b200000|  0%| F|  |TAMS 0x000000070b100000, 0x000000070b100000| Untracked 
| 162|0x000000070b200000, 0x000000070b200000, 0x000000070b300000|  0%| F|  |TAMS 0x000000070b200000, 0x000000070b200000| Untracked 
| 163|0x000000070b300000, 0x000000070b300000, 0x000000070b400000|  0%| F|  |TAMS 0x000000070b300000, 0x000000070b300000| Untracked 
| 164|0x000000070b400000, 0x000000070b400000, 0x000000070b500000|  0%| F|  |TAMS 0x000000070b400000, 0x000000070b400000| Untracked 
| 165|0x000000070b500000, 0x000000070b500000, 0x000000070b600000|  0%| F|  |TAMS 0x000000070b500000, 0x000000070b500000| Untracked 
| 166|0x000000070b600000, 0x000000070b600000, 0x000000070b700000|  0%| F|  |TAMS 0x000000070b600000, 0x000000070b600000| Untracked 
| 167|0x000000070b700000, 0x000000070b700000, 0x000000070b800000|  0%| F|  |TAMS 0x000000070b700000, 0x000000070b700000| Untracked 
| 168|0x000000070b800000, 0x000000070b800000, 0x000000070b900000|  0%| F|  |TAMS 0x000000070b800000, 0x000000070b800000| Untracked 
| 169|0x000000070b900000, 0x000000070b900000, 0x000000070ba00000|  0%| F|  |TAMS 0x000000070b900000, 0x000000070b900000| Untracked 
| 170|0x000000070ba00000, 0x000000070ba00000, 0x000000070bb00000|  0%| F|  |TAMS 0x000000070ba00000, 0x000000070ba00000| Untracked 
| 171|0x000000070bb00000, 0x000000070bb00000, 0x000000070bc00000|  0%| F|  |TAMS 0x000000070bb00000, 0x000000070bb00000| Untracked 
| 172|0x000000070bc00000, 0x000000070bc00000, 0x000000070bd00000|  0%| F|  |TAMS 0x000000070bc00000, 0x000000070bc00000| Untracked 
| 173|0x000000070bd00000, 0x000000070bd00000, 0x000000070be00000|  0%| F|  |TAMS 0x000000070bd00000, 0x000000070bd00000| Untracked 
| 174|0x000000070be00000, 0x000000070be00000, 0x000000070bf00000|  0%| F|  |TAMS 0x000000070be00000, 0x000000070be00000| Untracked 
| 175|0x000000070bf00000, 0x000000070bf00000, 0x000000070c000000|  0%| F|  |TAMS 0x000000070bf00000, 0x000000070bf00000| Untracked 
| 176|0x000000070c000000, 0x000000070c000000, 0x000000070c100000|  0%| F|  |TAMS 0x000000070c000000, 0x000000070c000000| Untracked 
| 177|0x000000070c100000, 0x000000070c100000, 0x000000070c200000|  0%| F|  |TAMS 0x000000070c100000, 0x000000070c100000| Untracked 
| 178|0x000000070c200000, 0x000000070c200000, 0x000000070c300000|  0%| F|  |TAMS 0x000000070c200000, 0x000000070c200000| Untracked 
| 179|0x000000070c300000, 0x000000070c300000, 0x000000070c400000|  0%| F|  |TAMS 0x000000070c300000, 0x000000070c300000| Untracked 
| 180|0x000000070c400000, 0x000000070c400000, 0x000000070c500000|  0%| F|  |TAMS 0x000000070c400000, 0x000000070c400000| Untracked 
| 181|0x000000070c500000, 0x000000070c500000, 0x000000070c600000|  0%| F|  |TAMS 0x000000070c500000, 0x000000070c500000| Untracked 
| 182|0x000000070c600000, 0x000000070c600000, 0x000000070c700000|  0%| F|  |TAMS 0x000000070c600000, 0x000000070c600000| Untracked 
| 183|0x000000070c700000, 0x000000070c700000, 0x000000070c800000|  0%| F|  |TAMS 0x000000070c700000, 0x000000070c700000| Untracked 
| 184|0x000000070c800000, 0x000000070c800000, 0x000000070c900000|  0%| F|  |TAMS 0x000000070c800000, 0x000000070c800000| Untracked 
| 185|0x000000070c900000, 0x000000070c900000, 0x000000070ca00000|  0%| F|  |TAMS 0x000000070c900000, 0x000000070c900000| Untracked 
| 186|0x000000070ca00000, 0x000000070ca00000, 0x000000070cb00000|  0%| F|  |TAMS 0x000000070ca00000, 0x000000070ca00000| Untracked 
| 187|0x000000070cb00000, 0x000000070cb00000, 0x000000070cc00000|  0%| F|  |TAMS 0x000000070cb00000, 0x000000070cb00000| Untracked 
| 188|0x000000070cc00000, 0x000000070cc00000, 0x000000070cd00000|  0%| F|  |TAMS 0x000000070cc00000, 0x000000070cc00000| Untracked 
| 189|0x000000070cd00000, 0x000000070cd00000, 0x000000070ce00000|  0%| F|  |TAMS 0x000000070cd00000, 0x000000070cd00000| Untracked 
| 190|0x000000070ce00000, 0x000000070ce00000, 0x000000070cf00000|  0%| F|  |TAMS 0x000000070ce00000, 0x000000070ce00000| Untracked 
| 191|0x000000070cf00000, 0x000000070cf00000, 0x000000070d000000|  0%| F|  |TAMS 0x000000070cf00000, 0x000000070cf00000| Untracked 
| 192|0x000000070d000000, 0x000000070d000000, 0x000000070d100000|  0%| F|  |TAMS 0x000000070d000000, 0x000000070d000000| Untracked 
| 193|0x000000070d100000, 0x000000070d100000, 0x000000070d200000|  0%| F|  |TAMS 0x000000070d100000, 0x000000070d100000| Untracked 
| 194|0x000000070d200000, 0x000000070d200000, 0x000000070d300000|  0%| F|  |TAMS 0x000000070d200000, 0x000000070d200000| Untracked 
| 195|0x000000070d300000, 0x000000070d300000, 0x000000070d400000|  0%| F|  |TAMS 0x000000070d300000, 0x000000070d300000| Untracked 
| 196|0x000000070d400000, 0x000000070d400000, 0x000000070d500000|  0%| F|  |TAMS 0x000000070d400000, 0x000000070d400000| Untracked 
| 197|0x000000070d500000, 0x000000070d500000, 0x000000070d600000|  0%| F|  |TAMS 0x000000070d500000, 0x000000070d500000| Untracked 
| 198|0x000000070d600000, 0x000000070d600000, 0x000000070d700000|  0%| F|  |TAMS 0x000000070d600000, 0x000000070d600000| Untracked 
| 199|0x000000070d700000, 0x000000070d700000, 0x000000070d800000|  0%| F|  |TAMS 0x000000070d700000, 0x000000070d700000| Untracked 
| 200|0x000000070d800000, 0x000000070d800000, 0x000000070d900000|  0%| F|  |TAMS 0x000000070d800000, 0x000000070d800000| Untracked 
| 201|0x000000070d900000, 0x000000070d900000, 0x000000070da00000|  0%| F|  |TAMS 0x000000070d900000, 0x000000070d900000| Untracked 
| 202|0x000000070da00000, 0x000000070da00000, 0x000000070db00000|  0%| F|  |TAMS 0x000000070da00000, 0x000000070da00000| Untracked 
| 203|0x000000070db00000, 0x000000070db00000, 0x000000070dc00000|  0%| F|  |TAMS 0x000000070db00000, 0x000000070db00000| Untracked 
| 204|0x000000070dc00000, 0x000000070dc00000, 0x000000070dd00000|  0%| F|  |TAMS 0x000000070dc00000, 0x000000070dc00000| Untracked 
| 205|0x000000070dd00000, 0x000000070dd00000, 0x000000070de00000|  0%| F|  |TAMS 0x000000070dd00000, 0x000000070dd00000| Untracked 
| 206|0x000000070de00000, 0x000000070de00000, 0x000000070df00000|  0%| F|  |TAMS 0x000000070de00000, 0x000000070de00000| Untracked 
| 207|0x000000070df00000, 0x000000070df00000, 0x000000070e000000|  0%| F|  |TAMS 0x000000070df00000, 0x000000070df00000| Untracked 
| 208|0x000000070e000000, 0x000000070e000000, 0x000000070e100000|  0%| F|  |TAMS 0x000000070e000000, 0x000000070e000000| Untracked 
| 209|0x000000070e100000, 0x000000070e100000, 0x000000070e200000|  0%| F|  |TAMS 0x000000070e100000, 0x000000070e100000| Untracked 
| 210|0x000000070e200000, 0x000000070e200000, 0x000000070e300000|  0%| F|  |TAMS 0x000000070e200000, 0x000000070e200000| Untracked 
| 211|0x000000070e300000, 0x000000070e300000, 0x000000070e400000|  0%| F|  |TAMS 0x000000070e300000, 0x000000070e300000| Untracked 
| 212|0x000000070e400000, 0x000000070e400000, 0x000000070e500000|  0%| F|  |TAMS 0x000000070e400000, 0x000000070e400000| Untracked 
| 213|0x000000070e500000, 0x000000070e500000, 0x000000070e600000|  0%| F|  |TAMS 0x000000070e500000, 0x000000070e500000| Untracked 
| 214|0x000000070e600000, 0x000000070e600000, 0x000000070e700000|  0%| F|  |TAMS 0x000000070e600000, 0x000000070e600000| Untracked 
| 215|0x000000070e700000, 0x000000070e700000, 0x000000070e800000|  0%| F|  |TAMS 0x000000070e700000, 0x000000070e700000| Untracked 
| 216|0x000000070e800000, 0x000000070e800000, 0x000000070e900000|  0%| F|  |TAMS 0x000000070e800000, 0x000000070e800000| Untracked 
| 217|0x000000070e900000, 0x000000070e900000, 0x000000070ea00000|  0%| F|  |TAMS 0x000000070e900000, 0x000000070e900000| Untracked 
| 218|0x000000070ea00000, 0x000000070ea00000, 0x000000070eb00000|  0%| F|  |TAMS 0x000000070ea00000, 0x000000070ea00000| Untracked 
| 219|0x000000070eb00000, 0x000000070eb00000, 0x000000070ec00000|  0%| F|  |TAMS 0x000000070eb00000, 0x000000070eb00000| Untracked 
| 220|0x000000070ec00000, 0x000000070ec00000, 0x000000070ed00000|  0%| F|  |TAMS 0x000000070ec00000, 0x000000070ec00000| Untracked 
| 221|0x000000070ed00000, 0x000000070ed00000, 0x000000070ee00000|  0%| F|  |TAMS 0x000000070ed00000, 0x000000070ed00000| Untracked 
| 222|0x000000070ee00000, 0x000000070ee00000, 0x000000070ef00000|  0%| F|  |TAMS 0x000000070ee00000, 0x000000070ee00000| Untracked 
| 223|0x000000070ef00000, 0x000000070ef00000, 0x000000070f000000|  0%| F|  |TAMS 0x000000070ef00000, 0x000000070ef00000| Untracked 
| 224|0x000000070f000000, 0x000000070f000000, 0x000000070f100000|  0%| F|  |TAMS 0x000000070f000000, 0x000000070f000000| Untracked 
| 225|0x000000070f100000, 0x000000070f100000, 0x000000070f200000|  0%| F|  |TAMS 0x000000070f100000, 0x000000070f100000| Untracked 
| 226|0x000000070f200000, 0x000000070f200000, 0x000000070f300000|  0%| F|  |TAMS 0x000000070f200000, 0x000000070f200000| Untracked 
| 227|0x000000070f300000, 0x000000070f300000, 0x000000070f400000|  0%| F|  |TAMS 0x000000070f300000, 0x000000070f300000| Untracked 
| 228|0x000000070f400000, 0x000000070f400000, 0x000000070f500000|  0%| F|  |TAMS 0x000000070f400000, 0x000000070f400000| Untracked 
| 229|0x000000070f500000, 0x000000070f500000, 0x000000070f600000|  0%| F|  |TAMS 0x000000070f500000, 0x000000070f500000| Untracked 
| 230|0x000000070f600000, 0x000000070f600000, 0x000000070f700000|  0%| F|  |TAMS 0x000000070f600000, 0x000000070f600000| Untracked 
| 231|0x000000070f700000, 0x000000070f700000, 0x000000070f800000|  0%| F|  |TAMS 0x000000070f700000, 0x000000070f700000| Untracked 
| 232|0x000000070f800000, 0x000000070f800000, 0x000000070f900000|  0%| F|  |TAMS 0x000000070f800000, 0x000000070f800000| Untracked 
| 233|0x000000070f900000, 0x000000070f900000, 0x000000070fa00000|  0%| F|  |TAMS 0x000000070f900000, 0x000000070f900000| Untracked 
| 234|0x000000070fa00000, 0x000000070fa00000, 0x000000070fb00000|  0%| F|  |TAMS 0x000000070fa00000, 0x000000070fa00000| Untracked 
| 235|0x000000070fb00000, 0x000000070fb00000, 0x000000070fc00000|  0%| F|  |TAMS 0x000000070fb00000, 0x000000070fb00000| Untracked 
| 236|0x000000070fc00000, 0x000000070fc00000, 0x000000070fd00000|  0%| F|  |TAMS 0x000000070fc00000, 0x000000070fc00000| Untracked 
| 237|0x000000070fd00000, 0x000000070fd00000, 0x000000070fe00000|  0%| F|  |TAMS 0x000000070fd00000, 0x000000070fd00000| Untracked 
| 238|0x000000070fe00000, 0x000000070fe00000, 0x000000070ff00000|  0%| F|  |TAMS 0x000000070fe00000, 0x000000070fe00000| Untracked 
| 239|0x000000070ff00000, 0x000000070ff00000, 0x0000000710000000|  0%| F|  |TAMS 0x000000070ff00000, 0x000000070ff00000| Untracked 
| 240|0x0000000710000000, 0x0000000710000000, 0x0000000710100000|  0%| F|  |TAMS 0x0000000710000000, 0x0000000710000000| Untracked 
| 241|0x0000000710100000, 0x0000000710100000, 0x0000000710200000|  0%| F|  |TAMS 0x0000000710100000, 0x0000000710100000| Untracked 
| 242|0x0000000710200000, 0x0000000710200000, 0x0000000710300000|  0%| F|  |TAMS 0x0000000710200000, 0x0000000710200000| Untracked 
| 243|0x0000000710300000, 0x0000000710300000, 0x0000000710400000|  0%| F|  |TAMS 0x0000000710300000, 0x0000000710300000| Untracked 
| 244|0x0000000710400000, 0x0000000710400000, 0x0000000710500000|  0%| F|  |TAMS 0x0000000710400000, 0x0000000710400000| Untracked 
| 245|0x0000000710500000, 0x0000000710500000, 0x0000000710600000|  0%| F|  |TAMS 0x0000000710500000, 0x0000000710500000| Untracked 
| 246|0x0000000710600000, 0x0000000710600000, 0x0000000710700000|  0%| F|  |TAMS 0x0000000710600000, 0x0000000710600000| Untracked 
| 247|0x0000000710700000, 0x0000000710700000, 0x0000000710800000|  0%| F|  |TAMS 0x0000000710700000, 0x0000000710700000| Untracked 
| 248|0x0000000710800000, 0x000000071087ba20, 0x0000000710900000| 48%| E|  |TAMS 0x0000000710800000, 0x0000000710800000| Complete 
| 249|0x0000000710900000, 0x0000000710a00000, 0x0000000710a00000|100%| E|CS|TAMS 0x0000000710900000, 0x0000000710900000| Complete 
| 250|0x0000000710a00000, 0x0000000710b00000, 0x0000000710b00000|100%| E|CS|TAMS 0x0000000710a00000, 0x0000000710a00000| Complete 
| 251|0x0000000710b00000, 0x0000000710c00000, 0x0000000710c00000|100%| E|CS|TAMS 0x0000000710b00000, 0x0000000710b00000| Complete 
| 252|0x0000000710c00000, 0x0000000710d00000, 0x0000000710d00000|100%| E|CS|TAMS 0x0000000710c00000, 0x0000000710c00000| Complete 
| 253|0x0000000710d00000, 0x0000000710e00000, 0x0000000710e00000|100%| E|CS|TAMS 0x0000000710d00000, 0x0000000710d00000| Complete 
| 254|0x0000000710e00000, 0x0000000710f00000, 0x0000000710f00000|100%| E|CS|TAMS 0x0000000710e00000, 0x0000000710e00000| Complete 
| 255|0x0000000710f00000, 0x0000000711000000, 0x0000000711000000|100%| E|CS|TAMS 0x0000000710f00000, 0x0000000710f00000| Complete 

Card table byte_map: [0x000001c6a9090000,0x000001c6a9890000] _byte_map_base: 0x000001c6a5888000

Marking Bits (Prev, Next): (CMBitMap*) 0x000001c690d9c9b8, (CMBitMap*) 0x000001c690d9c9f8
 Prev Bits: [0x000001c6aa090000, 0x000001c6ae050000)
 Next Bits: [0x000001c6ae050000, 0x000001c6b2010000)

Polling page: 0x000001c68eb30000

Metaspace:

Usage:
  Non-class:      9.80 MB capacity,     9.65 MB ( 99%) used,   126.71 KB (  1%) free+waste,    23.25 KB ( <1%) overhead. 
      Class:      1.45 MB capacity,     1.32 MB ( 91%) used,   117.07 KB (  8%) free+waste,    14.31 KB ( <1%) overhead. 
       Both:     11.25 MB capacity,    10.98 MB ( 98%) used,   243.78 KB (  2%) free+waste,    37.56 KB ( <1%) overhead. 

Virtual space:
  Non-class space:       10.00 MB reserved,      10.00 MB (100%) committed 
      Class space:        1.00 GB reserved,       1.50 MB ( <1%) committed 
             Both:        1.01 GB reserved,      11.50 MB (  1%) committed 

Chunk freelists:
   Non-Class:  13.00 KB
       Class:  19.00 KB
        Both:  32.00 KB

MaxMetaspaceSize: 17179869184.00 GB
CompressedClassSpaceSize: 1.00 GB

CodeHeap 'non-profiled nmethods': size=120000Kb used=343Kb max_used=343Kb free=119656Kb
 bounds [0x000001c6a0d00000, 0x000001c6a0f70000, 0x000001c6a8230000]
CodeHeap 'profiled nmethods': size=120000Kb used=1930Kb max_used=1930Kb free=118069Kb
 bounds [0x000001c6997d0000, 0x000001c699a40000, 0x000001c6a0d00000]
CodeHeap 'non-nmethods': size=5760Kb used=1335Kb max_used=1346Kb free=4424Kb
 bounds [0x000001c699230000, 0x000001c6994a0000, 0x000001c6997d0000]
 total_blobs=2158 nmethods=1117 adapters=542
 compilation: enabled
              stopped_count=0, restarted_count=0
 full_count=0

Compilation events (20 events):
Event: 1.456 Thread 0x000001c6b566c000 1108       3       java.util.concurrent.locks.LockSupport::setBlocker (12 bytes)
Event: 1.456 Thread 0x000001c6b566c000 nmethod 1108 0x000001c6999abf10 code [0x000001c6999ac0c0, 0x000001c6999ac258]
Event: 1.574 Thread 0x000001c6b566c000 1109       3       java.awt.Toolkit$SelectiveAWTEventListener::eventDispatched (745 bytes)
Event: 1.576 Thread 0x000001c6b566c000 nmethod 1109 0x000001c6999ac310 code [0x000001c6999ac580, 0x000001c6999adb70]
Event: 1.576 Thread 0x000001c6b566c000 1110       1       sun.java2d.SunGraphics2D::getSurfaceData (5 bytes)
Event: 1.576 Thread 0x000001c6b566c000 nmethod 1110 0x000001c6a0d55590 code [0x000001c6a0d55720, 0x000001c6a0d55858]
Event: 1.578 Thread 0x000001c6b566c000 1111  s    3       sun.java2d.loops.RenderCache::get (100 bytes)
Event: 1.579 Thread 0x000001c6b566c000 nmethod 1111 0x000001c6999adf90 code [0x000001c6999ae1a0, 0x000001c6999aeaf0]
Event: 1.579 Thread 0x000001c6b566c000 1113       3       javax.swing.plaf.nimbus.NimbusStyle::get (241 bytes)
Event: 1.580 Thread 0x000001c6b566c000 nmethod 1113 0x000001c6999aed90 code [0x000001c6999af0e0, 0x000001c6999b0520]
Event: 1.580 Thread 0x000001c6b566c000 1117       3       sun.font.FontUtilities::isComplexCharCode (167 bytes)
Event: 1.581 Thread 0x000001c6b566c000 nmethod 1117 0x000001c6999b0d90 code [0x000001c6999b0f80, 0x000001c6999b1698]
Event: 1.581 Thread 0x000001c6b566c000 1114       3       sun.awt.Win32GraphicsConfig::getDefaultTransform (24 bytes)
Event: 1.581 Thread 0x000001c6b566c000 nmethod 1114 0x000001c6999b1710 code [0x000001c6999b18e0, 0x000001c6999b1dd0]
Event: 1.581 Thread 0x000001c6b566c000 1115       3       java.awt.geom.AffineTransform::getScaleInstance (19 bytes)
Event: 1.581 Thread 0x000001c6b566c000 nmethod 1115 0x000001c6999b1f90 code [0x000001c6999b2160, 0x000001c6999b2450]
Event: 1.581 Thread 0x000001c6b566c000 1116       3       java.awt.geom.AffineTransform::setToScale (66 bytes)
Event: 1.581 Thread 0x000001c6b566c000 nmethod 1116 0x000001c6999b2590 code [0x000001c6999b2760, 0x000001c6999b2a18]
Event: 1.581 Thread 0x000001c6b566c000 1112       1       javax.swing.AbstractButton::getModel (5 bytes)
Event: 1.582 Thread 0x000001c6b566c000 nmethod 1112 0x000001c6a0d55910 code [0x000001c6a0d55aa0, 0x000001c6a0d55bd8]

GC Heap History (0 events):
No events

Deoptimization events (20 events):
Event: 0.403 Thread 0x000001c6b5c4a800 Uncommon trap: trap_request=0xffffff45 fr.pc=0x000001c6a0d260f4 relative=0x0000000000000a14
Event: 0.403 Thread 0x000001c6b5c4a800 Uncommon trap: reason=unstable_if action=reinterpret pc=0x000001c6a0d260f4 method=java.util.HashMap.resize()[Ljava/util/HashMap$Node; @ 203 c2
Event: 0.403 Thread 0x000001c6b5c4a800 DEOPT PACKING pc=0x000001c6a0d260f4 sp=0x000000af22afd2f0
Event: 0.403 Thread 0x000001c6b5c4a800 DEOPT UNPACKING pc=0x000001c69927912f sp=0x000000af22afd290 mode 2
Event: 0.403 Thread 0x000001c6b5c4a800 Uncommon trap: trap_request=0xffffff45 fr.pc=0x000001c6a0d2dcc8 relative=0x00000000000001a8
Event: 0.403 Thread 0x000001c6b5c4a800 Uncommon trap: reason=unstable_if action=reinterpret pc=0x000001c6a0d2dcc8 method=java.util.HashMap.getNode(ILjava/lang/Object;)Ljava/util/HashMap$Node; @ 84 c2
Event: 0.403 Thread 0x000001c6b5c4a800 DEOPT PACKING pc=0x000001c6a0d2dcc8 sp=0x000000af22afd370
Event: 0.403 Thread 0x000001c6b5c4a800 DEOPT UNPACKING pc=0x000001c69927912f sp=0x000000af22afd2e0 mode 2
Event: 0.450 Thread 0x000001c6b5c4a800 Uncommon trap: trap_request=0xffffff45 fr.pc=0x000001c6a0d0d834 relative=0x0000000000000194
Event: 0.450 Thread 0x000001c6b5c4a800 Uncommon trap: reason=unstable_if action=reinterpret pc=0x000001c6a0d0d834 method=java.lang.String.equals(Ljava/lang/Object;)Z @ 33 c2
Event: 0.450 Thread 0x000001c6b5c4a800 DEOPT PACKING pc=0x000001c6a0d0d834 sp=0x000000af22afe6f0
Event: 0.450 Thread 0x000001c6b5c4a800 DEOPT UNPACKING pc=0x000001c69927912f sp=0x000000af22afe680 mode 2
Event: 0.450 Thread 0x000001c6b5c4a800 Uncommon trap: trap_request=0xffffff45 fr.pc=0x000001c6a0d094a4 relative=0x0000000000000084
Event: 0.450 Thread 0x000001c6b5c4a800 Uncommon trap: reason=unstable_if action=reinterpret pc=0x000001c6a0d094a4 method=java.lang.String.isLatin1()Z @ 10 c2
Event: 0.450 Thread 0x000001c6b5c4a800 DEOPT PACKING pc=0x000001c6a0d094a4 sp=0x000000af22afe480
Event: 0.450 Thread 0x000001c6b5c4a800 DEOPT UNPACKING pc=0x000001c69927912f sp=0x000000af22afe3c0 mode 2
Event: 0.498 Thread 0x000001c6b5c4a800 Uncommon trap: trap_request=0xffffff45 fr.pc=0x000001c6a0d2ce5c relative=0x0000000000000b3c
Event: 0.498 Thread 0x000001c6b5c4a800 Uncommon trap: reason=unstable_if action=reinterpret pc=0x000001c6a0d2ce5c method=java.util.HashMap.putVal(ILjava/lang/Object;Ljava/lang/Object;ZZ)Ljava/lang/Object; @ 109 c2
Event: 0.498 Thread 0x000001c6b5c4a800 DEOPT PACKING pc=0x000001c6a0d2ce5c sp=0x000000af22afce20
Event: 0.498 Thread 0x000001c6b5c4a800 DEOPT UNPACKING pc=0x000001c69927912f sp=0x000000af22afcd48 mode 2

Classes unloaded (0 events):
No events

Classes redefined (0 events):
No events

Internal exceptions (20 events):
Event: 0.227 Thread 0x000001c68ec5e000 Exception <a 'java/lang/ClassNotFoundException'{0x0000000710b043e8}: TextPane> (0x0000000710b043e8) 
thrown [t:/workspace/open/src/hotspot/share/classfile/systemDictionary.cpp, line 232]
Event: 0.228 Thread 0x000001c68ec5e000 Exception <a 'java/lang/ClassNotFoundException'{0x0000000710b04850}: EditorPane> (0x0000000710b04850) 
thrown [t:/workspace/open/src/hotspot/share/classfile/systemDictionary.cpp, line 232]
Event: 0.228 Thread 0x000001c68ec5e000 Exception <a 'java/lang/ClassNotFoundException'{0x0000000710b051b0}: ToolBar> (0x0000000710b051b0) 
thrown [t:/workspace/open/src/hotspot/share/classfile/systemDictionary.cpp, line 232]
Event: 0.228 Thread 0x000001c68ec5e000 Exception <a 'java/lang/ClassNotFoundException'{0x0000000710b056a8}: ToolBar> (0x0000000710b056a8) 
thrown [t:/workspace/open/src/hotspot/share/classfile/systemDictionary.cpp, line 232]
Event: 0.228 Thread 0x000001c68ec5e000 Exception <a 'java/lang/ClassNotFoundException'{0x0000000710b05a08}: Button> (0x0000000710b05a08) 
thrown [t:/workspace/open/src/hotspot/share/classfile/systemDictionary.cpp, line 232]
Event: 0.228 Thread 0x000001c68ec5e000 Exception <a 'java/lang/ClassNotFoundException'{0x0000000710b05ed0}: ToolBar> (0x0000000710b05ed0) 
thrown [t:/workspace/open/src/hotspot/share/classfile/systemDictionary.cpp, line 232]
Event: 0.228 Thread 0x000001c68ec5e000 Exception <a 'java/lang/ClassNotFoundException'{0x0000000710b06240}: ToggleButton> (0x0000000710b06240) 
thrown [t:/workspace/open/src/hotspot/share/classfile/systemDictionary.cpp, line 232]
Event: 0.228 Thread 0x000001c68ec5e000 Exception <a 'java/lang/ClassNotFoundException'{0x0000000710b06680}: javax/swing/JToolBarSeparator> (0x0000000710b06680) 
thrown [t:/workspace/open/src/hotspot/share/classfile/systemDictionary.cpp, line 232]
Event: 0.228 Thread 0x000001c68ec5e000 Exception <a 'java/lang/ClassNotFoundException'{0x0000000710b06988}: ToolBarSeparator> (0x0000000710b06988) 
thrown [t:/workspace/open/src/hotspot/share/classfile/systemDictionary.cpp, line 232]
Event: 0.228 Thread 0x000001c68ec5e000 Exception <a 'java/lang/ClassNotFoundException'{0x0000000710b06ea0}: ToolTip> (0x0000000710b06ea0) 
thrown [t:/workspace/open/src/hotspot/share/classfile/systemDictionary.cpp, line 232]
Event: 0.229 Thread 0x000001c68ec5e000 Exception <a 'java/lang/ClassNotFoundException'{0x0000000710b077f0}: Tree> (0x0000000710b077f0) 
thrown [t:/workspace/open/src/hotspot/share/classfile/systemDictionary.cpp, line 232]
Event: 0.229 Thread 0x000001c68ec5e000 Exception <a 'java/lang/ClassNotFoundException'{0x0000000710b07ce8}: Tree> (0x0000000710b07ce8) 
thrown [t:/workspace/open/src/hotspot/share/classfile/systemDictionary.cpp, line 232]
Event: 0.229 Thread 0x000001c68ec5e000 Exception <a 'java/lang/ClassNotFoundException'{0x0000000710b08058}: javax/swing/JTreeCell> (0x0000000710b08058) 
thrown [t:/workspace/open/src/hotspot/share/classfile/systemDictionary.cpp, line 232]
Event: 0.229 Thread 0x000001c68ec5e000 Exception <a 'java/lang/ClassNotFoundException'{0x0000000710b08358}: TreeCell> (0x0000000710b08358) 
thrown [t:/workspace/open/src/hotspot/share/classfile/systemDictionary.cpp, line 232]
Event: 0.229 Thread 0x000001c68ec5e000 Exception <a 'java/lang/ClassNotFoundException'{0x0000000710b08b18}: RootPane> (0x0000000710b08b18) 
thrown [t:/workspace/open/src/hotspot/share/classfile/systemDictionary.cpp, line 232]
Event: 0.230 Thread 0x000001c68ec5e000 Exception <a 'java/lang/ClassNotFoundException'{0x0000000710b0b948}: com/sun/swing/internal/plaf/metal/resources/spi/metalProvider> (0x0000000710b0b948) 
thrown [t:/workspace/open/src/hotspot/share/classfile/systemDictionary.cpp, line 232]
Event: 0.231 Thread 0x000001c68ec5e000 Exception <a 'java/lang/ClassNotFoundException'{0x0000000710b0f988}: com/sun/swing/internal/plaf/basic/resources/spi/basicProvider> (0x0000000710b0f988) 
thrown [t:/workspace/open/src/hotspot/share/classfile/systemDictionary.cpp, line 232]
Event: 0.388 Thread 0x000001c6b5c4a800 Exception <a 'java/lang/ClassNotFoundException'{0x0000000710b96ee0}: com/sun/swing/internal/plaf/synth/resources/spi/synthProvider> (0x0000000710b96ee0) 
thrown [t:/workspace/open/src/hotspot/share/classfile/systemDictionary.cpp, line 232]
Event: 0.487 Thread 0x000001c6b5c4a800 Exception <a 'java/lang/NoSuchMethodError'{0x0000000710905fb8}: 'void java.lang.invoke.DirectMethodHandle$Holder.invokeStaticInit(java.lang.Object)'> (0x0000000710905fb8) 
thrown [t:/workspace/open/src/hotspot/share/interpreter/linkResolver.cpp, line 767]
Event: 0.493 Thread 0x000001c6b5c4a800 Exception <a 'java/lang/NoSuchMethodError'{0x000000071092d1f0}: 'java.lang.Object java.lang.invoke.Invokers$Holder.linkToTargetMethod(java.lang.Object, int, java.lang.Object)'> (0x000000071092d1f0) 
thrown [t:/workspace/open/src/hotspot/share/interpreter/linkResolver.cpp, line 767]

Events (20 events):
Event: 1.080 Executing VM operation: RevokeBias
Event: 1.080 Executing VM operation: RevokeBias done
Event: 1.080 loading class java/awt/event/MouseEvent$1
Event: 1.080 loading class sun/awt/AWTAccessor$MouseEventAccessor
Event: 1.081 loading class sun/awt/AWTAccessor$MouseEventAccessor done
Event: 1.081 loading class java/awt/event/MouseEvent$1 done
Event: 1.081 loading class java/awt/Cursor$CursorDisposer
Event: 1.081 loading class java/awt/Cursor$CursorDisposer done
Event: 1.082 loading class java/awt/Container$MouseEventTargetFilter
Event: 1.082 loading class java/awt/Container$EventTargetFilter
Event: 1.082 loading class java/awt/Container$EventTargetFilter done
Event: 1.082 loading class java/awt/Container$MouseEventTargetFilter done
Event: 1.082 loading class java/awt/LightweightDispatcher$1
Event: 1.082 loading class java/awt/LightweightDispatcher$1 done
Event: 1.082 loading class java/awt/event/MouseWheelEvent
Event: 1.082 loading class java/awt/event/MouseWheelEvent done
Event: 1.246 Loaded shared library C:\Program Files\Java\jdk-13.0.1\bin\java.dll
Event: 1.247 Loaded shared library C:\Program Files\Java\jdk-13.0.1\bin\java.dll
Event: 1.247 Loaded shared library C:\Program Files\Java\jdk-13.0.1\bin\java.dll
Event: 1.248 Loaded shared library C:\Program Files\Java\jdk-13.0.1\bin\java.dll


Dynamic libraries:
0x00007ff61b2d0000 - 0x00007ff61b2df000 	C:\Program Files\Java\jdk-13.0.1\bin\java.exe
0x00007ffed4960000 - 0x00007ffed4b50000 	C:\WINDOWS\SYSTEM32\ntdll.dll
0x00007ffed3e90000 - 0x00007ffed3f42000 	C:\WINDOWS\System32\KERNEL32.DLL
0x00007ffed2730000 - 0x00007ffed29d3000 	C:\WINDOWS\System32\KERNELBASE.dll
0x00007ffed1b20000 - 0x00007ffed1c1a000 	C:\WINDOWS\System32\ucrtbase.dll
0x00007ffecd3f0000 - 0x00007ffecd405000 	C:\Program Files\Java\jdk-13.0.1\bin\VCRUNTIME140.dll
0x00007ffecf790000 - 0x00007ffecf7a8000 	C:\Program Files\Java\jdk-13.0.1\bin\jli.dll
0x00007ffed47c0000 - 0x00007ffed4863000 	C:\WINDOWS\System32\ADVAPI32.dll
0x00007ffed31a0000 - 0x00007ffed323e000 	C:\WINDOWS\System32\msvcrt.dll
0x00007ffed2e20000 - 0x00007ffed2eb7000 	C:\WINDOWS\System32\sechost.dll
0x00007ffed3070000 - 0x00007ffed3190000 	C:\WINDOWS\System32\RPCRT4.dll
0x00007ffed2ed0000 - 0x00007ffed3064000 	C:\WINDOWS\System32\USER32.dll
0x00007ffed0c70000 - 0x00007ffed0ef5000 	C:\WINDOWS\WinSxS\amd64_microsoft.windows.common-controls_6595b64144ccf1df_6.0.18362.418_none_e6c6b287130d565d\COMCTL32.dll
0x00007ffed1970000 - 0x00007ffed1991000 	C:\WINDOWS\System32\win32u.dll
0x00007ffed2d20000 - 0x00007ffed2d46000 	C:\WINDOWS\System32\GDI32.dll
0x00007ffed29e0000 - 0x00007ffed2d16000 	C:\WINDOWS\System32\combase.dll
0x00007ffed2570000 - 0x00007ffed2704000 	C:\WINDOWS\System32\gdi32full.dll
0x00007ffed23a0000 - 0x00007ffed2420000 	C:\WINDOWS\System32\bcryptPrimitives.dll
0x00007ffed1a80000 - 0x00007ffed1b1e000 	C:\WINDOWS\System32\msvcp_win.dll
0x00007ffecd6a0000 - 0x00007ffecd6aa000 	C:\WINDOWS\SYSTEM32\VERSION.dll
0x00007ffed4790000 - 0x00007ffed47be000 	C:\WINDOWS\System32\IMM32.DLL
0x00007ffe8d420000 - 0x00007ffe8d4bb000 	C:\Program Files\Java\jdk-13.0.1\bin\msvcp140.dll
0x00007ffe7c6a0000 - 0x00007ffe7d206000 	C:\Program Files\Java\jdk-13.0.1\bin\server\jvm.dll
0x00007ffed2ec0000 - 0x00007ffed2ec8000 	C:\WINDOWS\System32\PSAPI.DLL
0x00007ffed1150000 - 0x00007ffed1159000 	C:\WINDOWS\SYSTEM32\WSOCK32.dll
0x00007ffecd5a0000 - 0x00007ffecd5c4000 	C:\WINDOWS\SYSTEM32\WINMM.dll
0x00007ffed4510000 - 0x00007ffed457f000 	C:\WINDOWS\System32\WS2_32.dll
0x00007ffecd570000 - 0x00007ffecd59d000 	C:\WINDOWS\SYSTEM32\winmmbase.dll
0x00007ffed18c0000 - 0x00007ffed190a000 	C:\WINDOWS\System32\cfgmgr32.dll
0x00007ffed1810000 - 0x00007ffed1821000 	C:\WINDOWS\System32\kernel.appcore.dll
0x00007ffecf9c0000 - 0x00007ffecf9d0000 	C:\Program Files\Java\jdk-13.0.1\bin\verify.dll
0x00007ffed1400000 - 0x00007ffed15f4000 	C:\WINDOWS\SYSTEM32\DBGHELP.DLL
0x00007ffed1090000 - 0x00007ffed10ba000 	C:\WINDOWS\SYSTEM32\dbgcore.DLL
0x00007ffec45f0000 - 0x00007ffec4616000 	C:\Program Files\Java\jdk-13.0.1\bin\java.dll
0x00007ffec4800000 - 0x00007ffec4817000 	C:\Program Files\Java\jdk-13.0.1\bin\zip.dll
0x00007ffecf590000 - 0x00007ffecf59a000 	C:\Program Files\Java\jdk-13.0.1\bin\jimage.dll
0x00007ffed36d0000 - 0x00007ffed3db5000 	C:\WINDOWS\System32\SHELL32.dll
0x00007ffed3370000 - 0x00007ffed3419000 	C:\WINDOWS\System32\shcore.dll
0x00007ffed1c20000 - 0x00007ffed239f000 	C:\WINDOWS\System32\windows.storage.dll
0x00007ffed1850000 - 0x00007ffed186f000 	C:\WINDOWS\System32\profapi.dll
0x00007ffed1870000 - 0x00007ffed18ba000 	C:\WINDOWS\System32\powrprof.dll
0x00007ffed1800000 - 0x00007ffed1810000 	C:\WINDOWS\System32\UMPDC.dll
0x00007ffed3310000 - 0x00007ffed3362000 	C:\WINDOWS\System32\shlwapi.dll
0x00007ffed2710000 - 0x00007ffed2727000 	C:\WINDOWS\System32\cryptsp.dll
0x00007ffea6970000 - 0x00007ffea6989000 	C:\Program Files\Java\jdk-13.0.1\bin\net.dll
0x00007ffec9530000 - 0x00007ffec9620000 	C:\WINDOWS\SYSTEM32\WINHTTP.dll
0x00007ffed09f0000 - 0x00007ffed0a57000 	C:\WINDOWS\system32\mswsock.dll
0x00007ffea6950000 - 0x00007ffea6963000 	C:\Program Files\Java\jdk-13.0.1\bin\nio.dll
0x00007ffe87cc0000 - 0x00007ffe87e59000 	C:\Program Files\Java\jdk-13.0.1\bin\awt.dll
0x00007ffed3dc0000 - 0x00007ffed3e84000 	C:\WINDOWS\System32\OLEAUT32.dll
0x00007ffecd9d0000 - 0x00007ffecdf90000 	C:\WINDOWS\SYSTEM32\d2d1.dll
0x00007ffeceb80000 - 0x00007ffecec0f000 	C:\WINDOWS\SYSTEM32\apphelp.dll
0x0000000071100000 - 0x0000000071125000 	C:\Users\Sergey\.jssc\windows\jSSC-2.8_x86_64.dll
0x00007ffececa0000 - 0x00007ffeced39000 	C:\WINDOWS\system32\uxtheme.dll
0x00007ffed43d0000 - 0x00007ffed4506000 	C:\WINDOWS\System32\MSCTF.dll
0x00007ffed34c0000 - 0x00007ffed3616000 	C:\WINDOWS\System32\ole32.dll
0x00007ffecf0d0000 - 0x00007ffecf0fd000 	C:\WINDOWS\system32\DWMAPI.DLL
0x00007ffe8c8f0000 - 0x00007ffe8c972000 	C:\Program Files\Java\jdk-13.0.1\bin\freetype.dll
0x00007ffe8c680000 - 0x00007ffe8c726000 	C:\Program Files\Java\jdk-13.0.1\bin\fontmanager.dll
0x00007ffe83cb0000 - 0x00007ffe83e06000 	C:\WINDOWS\system32\opengl32.dll
0x00007ffea6900000 - 0x00007ffea692c000 	C:\WINDOWS\SYSTEM32\GLU32.dll
0x00007ffecfe30000 - 0x00007ffecfe50000 	C:\WINDOWS\SYSTEM32\dxcore.dll
0x00007ffe763f0000 - 0x00007ffe765b7000 	C:\WINDOWS\system32\d3d9.dll
0x00007ffeca490000 - 0x00007ffeca57b000 	C:\WINDOWS\System32\DriverStore\FileRepository\nv_dispi.inf_amd64_7a39871618b19f06\nvldumdx.dll
0x00007ffed2420000 - 0x00007ffed2569000 	C:\WINDOWS\System32\crypt32.dll
0x00007ffed1830000 - 0x00007ffed1842000 	C:\WINDOWS\System32\MSASN1.dll
0x00007ffed1910000 - 0x00007ffed196c000 	C:\WINDOWS\System32\WINTRUST.DLL
0x00007ffed3420000 - 0x00007ffed343d000 	C:\WINDOWS\System32\imagehlp.dll
0x00007ffed0560000 - 0x00007ffed0593000 	C:\WINDOWS\system32\rsaenh.dll
0x00007ffed19a0000 - 0x00007ffed19c6000 	C:\WINDOWS\System32\bcrypt.dll
0x00007ffed0bc0000 - 0x00007ffed0bcc000 	C:\WINDOWS\SYSTEM32\CRYPTBASE.dll
0x00007ffe621d0000 - 0x00007ffe633dd000 	C:\WINDOWS\System32\DriverStore\FileRepository\nv_dispi.inf_amd64_7a39871618b19f06\nvd3dumx.dll
0x00007ffed3620000 - 0x00007ffed36c2000 	C:\WINDOWS\System32\clbcatq.dll
0x00007ffecbd80000 - 0x00007ffecbf2f000 	C:\WINDOWS\SYSTEM32\WindowsCodecs.dll
0x00007ffe91a30000 - 0x00007ffe91a6a000 	C:\WINDOWS\system32\dataexchange.dll
0x00007ffecd7f0000 - 0x00007ffecd9cb000 	C:\WINDOWS\system32\dcomp.dll
0x00007ffece490000 - 0x00007ffece6eb000 	C:\WINDOWS\system32\d3d11.dll
0x00007ffecfec0000 - 0x00007ffecffab000 	C:\WINDOWS\system32\dxgi.dll
0x00007ffeced40000 - 0x00007ffecef9a000 	C:\WINDOWS\system32\twinapi.appcore.dll
0x00007ffecf0a0000 - 0x00007ffecf0c9000 	C:\WINDOWS\system32\RMCLIENT.dll
0x00007ffec5610000 - 0x00007ffec56ae000 	C:\WINDOWS\System32\TextInputFramework.dll
0x00007ffecc460000 - 0x00007ffecc78a000 	C:\WINDOWS\System32\CoreUIComponents.dll
0x00007ffecea60000 - 0x00007ffeceb34000 	C:\WINDOWS\System32\CoreMessaging.dll
0x00007ffed10c0000 - 0x00007ffed10f1000 	C:\WINDOWS\SYSTEM32\ntmarta.dll
0x00007ffecc270000 - 0x00007ffecc3c3000 	C:\WINDOWS\SYSTEM32\wintypes.dll
0x00007ffec4230000 - 0x00007ffec44d6000 	C:\WINDOWS\System32\iertutil.dll

dbghelp: loaded successfully - version: 4.0.5 - missing functions: none
symbol engine: initialized successfully - sym options: 0x614 - pdb path: .;C:\Program Files\Java\jdk-13.0.1\bin;C:\WINDOWS\SYSTEM32;C:\WINDOWS\WinSxS\amd64_microsoft.windows.common-controls_6595b64144ccf1df_6.0.18362.418_none_e6c6b287130d565d;C:\Program Files\Java\jdk-13.0.1\bin\server;C:\Users\Sergey\.jssc\windows;C:\WINDOWS\System32\DriverStore\FileRepository\nv_dispi.inf_amd64_7a39871618b19f06

VM Arguments:
jvm_args: -Dfile.encoding=UTF-8 --module-path=D:\Sergey\JavaLang\javaClockPort\build\classes 
java_command: javaclockport.JavaClockPort
java_class_path (initial): D:\Sergey\JavaLang\Library\jSSC-2.8.0-Release\jSSC-2.8.0-Release\jssc.jar;D:\Sergey\JavaLang\javaClockPort\build\classes
Launcher Type: SUN_STANDARD

[Global flags]
     intx CICompilerCount                          = 4                                         {product} {ergonomic}
     uint ConcGCThreads                            = 3                                         {product} {ergonomic}
     uint G1ConcRefinementThreads                  = 10                                        {product} {ergonomic}
   size_t G1HeapRegionSize                         = 1048576                                   {product} {ergonomic}
    uintx GCDrainStackTargetSize                   = 64                                        {product} {ergonomic}
   size_t InitialHeapSize                          = 268435456                                 {product} {ergonomic}
   size_t MarkStackSize                            = 4194304                                   {product} {ergonomic}
   size_t MaxHeapSize                              = 4278190080                                {product} {ergonomic}
   size_t MaxNewSize                               = 2566914048                                {product} {ergonomic}
   size_t MinHeapDeltaBytes                        = 1048576                                   {product} {ergonomic}
   size_t MinHeapSize                              = 8388608                                   {product} {ergonomic}
    uintx NonNMethodCodeHeapSize                   = 5836300                                {pd product} {ergonomic}
    uintx NonProfiledCodeHeapSize                  = 122910970                              {pd product} {ergonomic}
    uintx ProfiledCodeHeapSize                     = 122910970                              {pd product} {ergonomic}
    uintx ReservedCodeCacheSize                    = 251658240                              {pd product} {ergonomic}
     bool SegmentedCodeCache                       = true                                      {product} {ergonomic}
   size_t SoftMaxHeapSize                          = 4278190080                             {manageable} {ergonomic}
     bool UseCompressedClassPointers               = true                                 {lp64_product} {ergonomic}
     bool UseCompressedOops                        = true                                 {lp64_product} {ergonomic}
     bool UseG1GC                                  = true                                      {product} {ergonomic}
     bool UseLargePagesIndividualAllocation        = false                                  {pd product} {ergonomic}

Logging:
Log output configuration:
 #0: stdout all=warning uptime,level,tags
 #1: stderr all=off uptime,level,tags

Environment Variables:
PATH=C:\Program Files\Common Files\Oracle\Java\javapath;C:\Program Files (x86)\Common Files\Oracle\Java\javapath;C:\WinAVR-20100110\bin;C:\WinAVR-20100110\utils\bin;C:\Program Files\Microchip\xc8\v2.32\bin;C:\Program Files\Git\cmd;C:\Users\Sergey\AppData\Local\Microsoft\WindowsApps;C:\SysGCC\esp8266\bin;C:\MinGW\bin;C:\Users\Sergey\AppData\Roaming\npm;C:\Users\Sergey\AppData\Local\Programs\Microsoft VS Code\bin;C:\Windows\System32\;C:\Users\Sergey\AppData\Local\Temp;
USERNAME=Sergey
OS=Windows_NT
PROCESSOR_IDENTIFIER=AMD64 Family 23 Model 1 Stepping 1, AuthenticAMD



---------------  S Y S T E M  ---------------

OS: Windows 10 , 64 bit Build 18362 (10.0.18362.329)

CPU:total 12 (initial active 12) (12 cores per cpu, 2 threads per core) family 23 model 1 stepping 1, cmov, cx8, fxsr, mmx, sse, sse2, sse3, ssse3, sse4.1, sse4.2, popcnt, avx, avx2, aes, clmul, mmxext, 3dnowpref, lzcnt, sse4a, ht, tsc, tscinvbit, tscinv, bmi1, bmi2, adx, sha, fma

Memory: 4k page, system-wide physical 16313M (9666M free)
TotalPageFile size 18745M (AvailPageFile size 9524M)
current process WorkingSet (physical memory assigned to process): 88M, peak: 88M
current process commit charge ("private bytes"): 395M, peak: 395M

vm_info: Java HotSpot(TM) 64-Bit Server VM (13.0.1+9) for windows-amd64 JRE (13.0.1+9), built on Oct  6 2019 12:37:49 by "mach5one" with unknown MS VC++:1916

END.
